[08:02:30] [main/INFO] [GradleStart]: username: DaJackyl
[08:02:30] [main/INFO] [GradleStart]: Extra: []
[08:02:30] [main/INFO] [GradleStart]: Password found, attempting login
[08:02:31] [main/ERROR] [GradleStart]: -- Login failed!  Invalid credentials. Invalid username or password.
[08:03:05] [main/INFO] [GradleStart]: username: rob@megathirio.com
[08:03:05] [main/INFO] [GradleStart]: Extra: []
[08:03:05] [main/INFO] [GradleStart]: Password found, attempting login
[08:03:05] [main/INFO] [GradleStart]: Login Succesful!
[08:03:06] [main/INFO] [GradleStart]: Running with arguments: [--userProperties, {}, --assetsDir, C:/Users/Fidget/.gradle/caches/minecraft/assets, --assetIndex, 1.8, --userType, mojang, --accessToken, {REDACTED}, --version, 1.8, --uuid, 527ced34e1b3477983ab6e5de9e75e96, --userPropertiesMap, [{"name":"twitch_access_token","value":"twf8cfecej6mx5exi9dz0co1q7a1mx"}], --username, DaJackyl, --tweakClass, net.minecraftforge.fml.common.launcher.FMLTweaker, --tweakClass, net.minecraftforge.gradle.GradleStartCommon$GradleStartTweaker]
[08:03:06] [main/INFO] [LaunchWrapper]: Loading tweak class name net.minecraftforge.fml.common.launcher.FMLTweaker
[08:03:06] [main/INFO] [LaunchWrapper]: Using primary tweak class name net.minecraftforge.fml.common.launcher.FMLTweaker
[08:03:06] [main/INFO] [LaunchWrapper]: Loading tweak class name net.minecraftforge.gradle.GradleStartCommon$GradleStartTweaker
[08:03:06] [main/INFO] [LaunchWrapper]: Calling tweak class net.minecraftforge.fml.common.launcher.FMLTweaker
[08:13:54] [main/INFO] [GradleStart]: username: rob@megathirio.com
[08:13:54] [main/INFO] [GradleStart]: Extra: []
[08:13:54] [main/INFO] [GradleStart]: Password found, attempting login
[08:13:55] [main/INFO] [GradleStart]: Login Succesful!
[08:13:55] [main/INFO] [GradleStart]: Running with arguments: [--userProperties, {}, --assetsDir, C:/Users/Fidget/.gradle/caches/minecraft/assets, --assetIndex, 1.8, --userType, mojang, --accessToken, {REDACTED}, --version, 1.8, --uuid, 527ced34e1b3477983ab6e5de9e75e96, --userPropertiesMap, [{"name":"twitch_access_token","value":"twf8cfecej6mx5exi9dz0co1q7a1mx"}], --username, DaJackyl, --tweakClass, net.minecraftforge.fml.common.launcher.FMLTweaker, --tweakClass, net.minecraftforge.gradle.GradleStartCommon$GradleStartTweaker]
[08:13:55] [main/INFO] [LaunchWrapper]: Loading tweak class name net.minecraftforge.fml.common.launcher.FMLTweaker
[08:13:55] [main/INFO] [LaunchWrapper]: Using primary tweak class name net.minecraftforge.fml.common.launcher.FMLTweaker
[08:13:55] [main/INFO] [LaunchWrapper]: Loading tweak class name net.minecraftforge.gradle.GradleStartCommon$GradleStartTweaker
[08:13:55] [main/INFO] [LaunchWrapper]: Calling tweak class net.minecraftforge.fml.common.launcher.FMLTweaker
[08:15:49] [main/INFO] [GradleStart]: username: rob@megathirio.com
[08:15:49] [main/INFO] [GradleStart]: Extra: []
[08:15:49] [main/INFO] [GradleStart]: Password found, attempting login
[08:15:50] [main/INFO] [GradleStart]: Login Succesful!
[08:15:50] [main/INFO] [GradleStart]: Running with arguments: [--userProperties, {}, --assetsDir, C:/Users/Fidget/.gradle/caches/minecraft/assets, --assetIndex, 1.8, --userType, mojang, --accessToken, {REDACTED}, --version, 1.8, --uuid, 527ced34e1b3477983ab6e5de9e75e96, --userPropertiesMap, [{"name":"twitch_access_token","value":"twf8cfecej6mx5exi9dz0co1q7a1mx"}], --username, DaJackyl, --tweakClass, net.minecraftforge.fml.common.launcher.FMLTweaker, --tweakClass, net.minecraftforge.gradle.GradleStartCommon$GradleStartTweaker]
[08:15:50] [main/INFO] [LaunchWrapper]: Loading tweak class name net.minecraftforge.fml.common.launcher.FMLTweaker
[08:15:50] [main/INFO] [LaunchWrapper]: Using primary tweak class name net.minecraftforge.fml.common.launcher.FMLTweaker
[08:15:50] [main/INFO] [LaunchWrapper]: Loading tweak class name net.minecraftforge.gradle.GradleStartCommon$GradleStartTweaker
[08:15:50] [main/INFO] [LaunchWrapper]: Calling tweak class net.minecraftforge.fml.common.launcher.FMLTweaker
[08:17:37] [main/INFO] [GradleStart]: username: rob@megathirio.com
[08:17:37] [main/INFO] [GradleStart]: Extra: []
[08:17:37] [main/INFO] [GradleStart]: Password found, attempting login
[08:17:38] [main/INFO] [GradleStart]: Login Succesful!
[08:17:38] [main/INFO] [GradleStart]: Running with arguments: [--userProperties, {}, --assetsDir, C:/Users/Fidget/.gradle/caches/minecraft/assets, --assetIndex, 1.8, --userType, mojang, --accessToken, {REDACTED}, --version, 1.8, --uuid, 527ced34e1b3477983ab6e5de9e75e96, --userPropertiesMap, [{"name":"twitch_access_token","value":"twf8cfecej6mx5exi9dz0co1q7a1mx"}], --username, DaJackyl, --tweakClass, net.minecraftforge.fml.common.launcher.FMLTweaker, --tweakClass, net.minecraftforge.gradle.GradleStartCommon$GradleStartTweaker]
[08:17:38] [main/INFO] [LaunchWrapper]: Loading tweak class name net.minecraftforge.fml.common.launcher.FMLTweaker
[08:17:38] [main/INFO] [LaunchWrapper]: Using primary tweak class name net.minecraftforge.fml.common.launcher.FMLTweaker
[08:17:38] [main/INFO] [LaunchWrapper]: Loading tweak class name net.minecraftforge.gradle.GradleStartCommon$GradleStartTweaker
[08:17:38] [main/INFO] [LaunchWrapper]: Calling tweak class net.minecraftforge.fml.common.launcher.FMLTweaker
[08:25:05] [main/INFO] [GradleStart]: username: rob@megathirio.com
[08:25:05] [main/INFO] [GradleStart]: Extra: []
[08:25:05] [main/INFO] [GradleStart]: Password found, attempting login
[08:25:06] [main/INFO] [GradleStart]: Login Succesful!
[08:25:06] [main/INFO] [GradleStart]: Running with arguments: [--userProperties, {}, --assetsDir, C:/Users/Fidget/.gradle/caches/minecraft/assets, --assetIndex, 1.8, --userType, mojang, --accessToken, {REDACTED}, --version, 1.8, --uuid, 527ced34e1b3477983ab6e5de9e75e96, --userPropertiesMap, [{"name":"twitch_access_token","value":"twf8cfecej6mx5exi9dz0co1q7a1mx"}], --username, DaJackyl, --tweakClass, net.minecraftforge.fml.common.launcher.FMLTweaker, --tweakClass, net.minecraftforge.gradle.GradleStartCommon$GradleStartTweaker]
[08:25:06] [main/INFO] [LaunchWrapper]: Loading tweak class name net.minecraftforge.fml.common.launcher.FMLTweaker
[08:25:06] [main/INFO] [LaunchWrapper]: Using primary tweak class name net.minecraftforge.fml.common.launcher.FMLTweaker
[08:25:06] [main/INFO] [LaunchWrapper]: Loading tweak class name net.minecraftforge.gradle.GradleStartCommon$GradleStartTweaker
[08:25:06] [main/INFO] [LaunchWrapper]: Calling tweak class net.minecraftforge.fml.common.launcher.FMLTweaker
[08:26:19] [main/INFO] [GradleStart]: username: rob@megathirio.com
[08:26:19] [main/INFO] [GradleStart]: Extra: []
[08:26:19] [main/INFO] [GradleStart]: Password found, attempting login
[08:26:19] [main/INFO] [GradleStart]: Login Succesful!
[08:26:19] [main/INFO] [GradleStart]: Running with arguments: [--userProperties, {}, --assetsDir, C:/Users/Fidget/.gradle/caches/minecraft/assets, --assetIndex, 1.8, --userType, mojang, --accessToken, {REDACTED}, --version, 1.8, --uuid, 527ced34e1b3477983ab6e5de9e75e96, --userPropertiesMap, [{"name":"twitch_access_token","value":"twf8cfecej6mx5exi9dz0co1q7a1mx"}], --username, DaJackyl, --tweakClass, net.minecraftforge.fml.common.launcher.FMLTweaker, --tweakClass, net.minecraftforge.gradle.GradleStartCommon$GradleStartTweaker]
[08:26:20] [main/INFO] [LaunchWrapper]: Loading tweak class name net.minecraftforge.fml.common.launcher.FMLTweaker
[08:26:20] [main/INFO] [LaunchWrapper]: Using primary tweak class name net.minecraftforge.fml.common.launcher.FMLTweaker
[08:26:20] [main/INFO] [LaunchWrapper]: Loading tweak class name net.minecraftforge.gradle.GradleStartCommon$GradleStartTweaker
[08:26:20] [main/INFO] [LaunchWrapper]: Calling tweak class net.minecraftforge.fml.common.launcher.FMLTweaker
[08:26:45] [main/INFO] [GradleStart]: username: rob@megathirio.com
[08:26:45] [main/INFO] [GradleStart]: Extra: []
[08:26:45] [main/INFO] [GradleStart]: Password found, attempting login
[08:26:45] [main/INFO] [GradleStart]: Login Succesful!
[08:26:45] [main/INFO] [GradleStart]: Running with arguments: [--userProperties, {}, --assetsDir, C:/Users/Fidget/.gradle/caches/minecraft/assets, --assetIndex, 1.8, --userType, mojang, --accessToken, {REDACTED}, --version, 1.8, --uuid, 527ced34e1b3477983ab6e5de9e75e96, --userPropertiesMap, [{"name":"twitch_access_token","value":"twf8cfecej6mx5exi9dz0co1q7a1mx"}], --username, DaJackyl, --tweakClass, net.minecraftforge.fml.common.launcher.FMLTweaker, --tweakClass, net.minecraftforge.gradle.GradleStartCommon$GradleStartTweaker]
[08:26:46] [main/INFO] [LaunchWrapper]: Loading tweak class name net.minecraftforge.fml.common.launcher.FMLTweaker
[08:26:46] [main/INFO] [LaunchWrapper]: Using primary tweak class name net.minecraftforge.fml.common.launcher.FMLTweaker
[08:26:46] [main/INFO] [LaunchWrapper]: Loading tweak class name net.minecraftforge.gradle.GradleStartCommon$GradleStartTweaker
[08:26:46] [main/INFO] [LaunchWrapper]: Calling tweak class net.minecraftforge.fml.common.launcher.FMLTweaker
[08:43:09] [main/INFO] [GradleStart]: username: rob@megathirio.com
[08:43:09] [main/INFO] [GradleStart]: Extra: []
[08:43:09] [main/INFO] [GradleStart]: Password found, attempting login
[08:43:10] [main/INFO] [GradleStart]: Login Succesful!
[08:43:10] [main/INFO] [GradleStart]: Running with arguments: [--userProperties, {}, --assetsDir, C:/Users/Fidget/.gradle/caches/minecraft/assets, --assetIndex, 1.8, --userType, mojang, --accessToken, {REDACTED}, --version, 1.8, --uuid, 527ced34e1b3477983ab6e5de9e75e96, --userPropertiesMap, [{"name":"twitch_access_token","value":"twf8cfecej6mx5exi9dz0co1q7a1mx"}], --username, DaJackyl, --tweakClass, net.minecraftforge.fml.common.launcher.FMLTweaker, --tweakClass, net.minecraftforge.gradle.GradleStartCommon$GradleStartTweaker]
[08:43:11] [main/INFO] [LaunchWrapper]: Loading tweak class name net.minecraftforge.fml.common.launcher.FMLTweaker
[08:43:11] [main/INFO] [LaunchWrapper]: Using primary tweak class name net.minecraftforge.fml.common.launcher.FMLTweaker
[08:43:11] [main/INFO] [LaunchWrapper]: Loading tweak class name net.minecraftforge.gradle.GradleStartCommon$GradleStartTweaker
[08:43:11] [main/INFO] [LaunchWrapper]: Calling tweak class net.minecraftforge.fml.common.launcher.FMLTweaker
[13:20:39] [main/INFO] [GradleStart]: username: rob@megathirio.com
[13:20:39] [main/INFO] [GradleStart]: Extra: []
[13:20:39] [main/INFO] [GradleStart]: Password found, attempting login
[13:20:40] [main/INFO] [GradleStart]: Login Succesful!
[13:20:40] [main/INFO] [GradleStart]: Running with arguments: [--userProperties, {}, --assetsDir, C:/Users/Fidget/.gradle/caches/minecraft/assets, --assetIndex, 1.8, --userType, mojang, --accessToken, {REDACTED}, --version, 1.8, --uuid, 527ced34e1b3477983ab6e5de9e75e96, --userPropertiesMap, [{"name":"twitch_access_token","value":"twf8cfecej6mx5exi9dz0co1q7a1mx"}], --username, DaJackyl, --tweakClass, net.minecraftforge.fml.common.launcher.FMLTweaker, --tweakClass, net.minecraftforge.gradle.GradleStartCommon$GradleStartTweaker]
[13:20:40] [main/INFO] [LaunchWrapper]: Loading tweak class name net.minecraftforge.fml.common.launcher.FMLTweaker
[13:20:40] [main/INFO] [LaunchWrapper]: Using primary tweak class name net.minecraftforge.fml.common.launcher.FMLTweaker
[13:20:40] [main/INFO] [LaunchWrapper]: Loading tweak class name net.minecraftforge.gradle.GradleStartCommon$GradleStartTweaker
[13:20:40] [main/INFO] [LaunchWrapper]: Calling tweak class net.minecraftforge.fml.common.launcher.FMLTweaker
[13:27:16] [main/INFO] [GradleStart]: username: rob@megathirio.com
[13:27:16] [main/INFO] [GradleStart]: Extra: []
[13:27:16] [main/INFO] [GradleStart]: Password found, attempting login
[13:27:18] [main/INFO] [GradleStart]: Login Succesful!
[13:27:18] [main/INFO] [GradleStart]: Running with arguments: [--userProperties, {}, --assetsDir, C:/Users/Fidget/.gradle/caches/minecraft/assets, --assetIndex, 1.8, --userType, mojang, --accessToken, {REDACTED}, --version, 1.8, --uuid, 527ced34e1b3477983ab6e5de9e75e96, --userPropertiesMap, [{"name":"twitch_access_token","value":"twf8cfecej6mx5exi9dz0co1q7a1mx"}], --username, DaJackyl, --tweakClass, net.minecraftforge.fml.common.launcher.FMLTweaker, --tweakClass, net.minecraftforge.gradle.GradleStartCommon$GradleStartTweaker]
[13:27:18] [main/INFO] [LaunchWrapper]: Loading tweak class name net.minecraftforge.fml.common.launcher.FMLTweaker
[13:27:18] [main/INFO] [LaunchWrapper]: Using primary tweak class name net.minecraftforge.fml.common.launcher.FMLTweaker
[13:27:18] [main/INFO] [LaunchWrapper]: Loading tweak class name net.minecraftforge.gradle.GradleStartCommon$GradleStartTweaker
[13:27:18] [main/INFO] [LaunchWrapper]: Calling tweak class net.minecraftforge.fml.common.launcher.FMLTweaker
[13:29:23] [main/INFO] [GradleStart]: username: rob@megathirio.com
[13:29:23] [main/INFO] [GradleStart]: Extra: []
[13:29:23] [main/INFO] [GradleStart]: Password found, attempting login
[13:29:24] [main/INFO] [GradleStart]: Login Succesful!
[13:29:24] [main/INFO] [GradleStart]: Running with arguments: [--userProperties, {}, --assetsDir, C:/Users/Fidget/.gradle/caches/minecraft/assets, --assetIndex, 1.8, --userType, mojang, --accessToken, {REDACTED}, --version, 1.8, --uuid, 527ced34e1b3477983ab6e5de9e75e96, --userPropertiesMap, [{"name":"twitch_access_token","value":"twf8cfecej6mx5exi9dz0co1q7a1mx"}], --username, DaJackyl, --tweakClass, net.minecraftforge.fml.common.launcher.FMLTweaker, --tweakClass, net.minecraftforge.gradle.GradleStartCommon$GradleStartTweaker]
[13:29:25] [main/INFO] [LaunchWrapper]: Loading tweak class name net.minecraftforge.fml.common.launcher.FMLTweaker
[13:29:25] [main/INFO] [LaunchWrapper]: Using primary tweak class name net.minecraftforge.fml.common.launcher.FMLTweaker
[13:29:25] [main/INFO] [LaunchWrapper]: Loading tweak class name net.minecraftforge.gradle.GradleStartCommon$GradleStartTweaker
[13:29:25] [main/INFO] [LaunchWrapper]: Calling tweak class net.minecraftforge.fml.common.launcher.FMLTweaker
[13:31:24] [main/INFO] [GradleStart]: username: rob@megathirio.com
[13:31:24] [main/INFO] [GradleStart]: Extra: []
[13:31:24] [main/INFO] [GradleStart]: Password found, attempting login
[13:31:26] [main/INFO] [GradleStart]: Login Succesful!
[13:31:26] [main/INFO] [GradleStart]: Running with arguments: [--userProperties, {}, --assetsDir, C:/Users/Fidget/.gradle/caches/minecraft/assets, --assetIndex, 1.8, --userType, mojang, --accessToken, {REDACTED}, --version, 1.8, --uuid, 527ced34e1b3477983ab6e5de9e75e96, --userPropertiesMap, [{"name":"twitch_access_token","value":"twf8cfecej6mx5exi9dz0co1q7a1mx"}], --username, DaJackyl, --tweakClass, net.minecraftforge.fml.common.launcher.FMLTweaker, --tweakClass, net.minecraftforge.gradle.GradleStartCommon$GradleStartTweaker]
[13:31:26] [main/INFO] [LaunchWrapper]: Loading tweak class name net.minecraftforge.fml.common.launcher.FMLTweaker
[13:31:26] [main/INFO] [LaunchWrapper]: Using primary tweak class name net.minecraftforge.fml.common.launcher.FMLTweaker
[13:31:26] [main/INFO] [LaunchWrapper]: Loading tweak class name net.minecraftforge.gradle.GradleStartCommon$GradleStartTweaker
[13:31:26] [main/INFO] [LaunchWrapper]: Calling tweak class net.minecraftforge.fml.common.launcher.FMLTweaker
[14:05:55] [main/INFO] [GradleStart]: username: rob@megathirio.com
[14:05:55] [main/INFO] [GradleStart]: Extra: []
[14:05:55] [main/INFO] [GradleStart]: Password found, attempting login
[14:05:56] [main/INFO] [GradleStart]: Login Succesful!
[14:05:56] [main/INFO] [GradleStart]: Running with arguments: [--userProperties, {}, --assetsDir, C:/Users/Fidget/.gradle/caches/minecraft/assets, --assetIndex, 1.8, --userType, mojang, --accessToken, {REDACTED}, --version, 1.8, --uuid, 527ced34e1b3477983ab6e5de9e75e96, --userPropertiesMap, [{"name":"twitch_access_token","value":"twf8cfecej6mx5exi9dz0co1q7a1mx"}], --username, DaJackyl, --tweakClass, net.minecraftforge.fml.common.launcher.FMLTweaker, --tweakClass, net.minecraftforge.gradle.GradleStartCommon$GradleStartTweaker]
[14:05:56] [main/INFO] [LaunchWrapper]: Loading tweak class name net.minecraftforge.fml.common.launcher.FMLTweaker
[14:05:56] [main/INFO] [LaunchWrapper]: Using primary tweak class name net.minecraftforge.fml.common.launcher.FMLTweaker
[14:05:56] [main/INFO] [LaunchWrapper]: Loading tweak class name net.minecraftforge.gradle.GradleStartCommon$GradleStartTweaker
[14:05:56] [main/INFO] [LaunchWrapper]: Calling tweak class net.minecraftforge.fml.common.launcher.FMLTweaker
[14:07:16] [main/INFO] [GradleStart]: username: rob@megathirio.com
[14:07:16] [main/INFO] [GradleStart]: Extra: []
[14:07:16] [main/INFO] [GradleStart]: Password found, attempting login
[14:07:17] [main/INFO] [GradleStart]: Login Succesful!
[14:07:17] [main/INFO] [GradleStart]: Running with arguments: [--userProperties, {}, --assetsDir, C:/Users/Fidget/.gradle/caches/minecraft/assets, --assetIndex, 1.8, --userType, mojang, --accessToken, {REDACTED}, --version, 1.8, --uuid, 527ced34e1b3477983ab6e5de9e75e96, --userPropertiesMap, [{"name":"twitch_access_token","value":"twf8cfecej6mx5exi9dz0co1q7a1mx"}], --username, DaJackyl, --tweakClass, net.minecraftforge.fml.common.launcher.FMLTweaker, --tweakClass, net.minecraftforge.gradle.GradleStartCommon$GradleStartTweaker]
[14:07:17] [main/INFO] [LaunchWrapper]: Loading tweak class name net.minecraftforge.fml.common.launcher.FMLTweaker
[14:07:17] [main/INFO] [LaunchWrapper]: Using primary tweak class name net.minecraftforge.fml.common.launcher.FMLTweaker
[14:07:17] [main/INFO] [LaunchWrapper]: Loading tweak class name net.minecraftforge.gradle.GradleStartCommon$GradleStartTweaker
[14:07:17] [main/INFO] [LaunchWrapper]: Calling tweak class net.minecraftforge.fml.common.launcher.FMLTweaker
[14:24:33] [main/INFO] [GradleStart]: username: rob@megathirio.com
[14:24:33] [main/INFO] [GradleStart]: Extra: []
[14:24:33] [main/INFO] [GradleStart]: Password found, attempting login
[14:24:34] [main/INFO] [GradleStart]: Login Succesful!
[14:24:34] [main/INFO] [GradleStart]: Running with arguments: [--userProperties, {}, --assetsDir, C:/Users/Fidget/.gradle/caches/minecraft/assets, --assetIndex, 1.8, --userType, mojang, --accessToken, {REDACTED}, --version, 1.8, --uuid, 527ced34e1b3477983ab6e5de9e75e96, --userPropertiesMap, [{"name":"twitch_access_token","value":"twf8cfecej6mx5exi9dz0co1q7a1mx"}], --username, DaJackyl, --tweakClass, net.minecraftforge.fml.common.launcher.FMLTweaker, --tweakClass, net.minecraftforge.gradle.GradleStartCommon$GradleStartTweaker]
[14:24:34] [main/INFO] [LaunchWrapper]: Loading tweak class name net.minecraftforge.fml.common.launcher.FMLTweaker
[14:24:34] [main/INFO] [LaunchWrapper]: Using primary tweak class name net.minecraftforge.fml.common.launcher.FMLTweaker
[14:24:34] [main/INFO] [LaunchWrapper]: Loading tweak class name net.minecraftforge.gradle.GradleStartCommon$GradleStartTweaker
[14:24:34] [main/INFO] [LaunchWrapper]: Calling tweak class net.minecraftforge.fml.common.launcher.FMLTweaker
[19:17:55] [main/INFO] [GradleStart]: username: rob@megathirio.com
[19:17:55] [main/INFO] [GradleStart]: Extra: []
[19:17:55] [main/INFO] [GradleStart]: Password found, attempting login
[19:17:56] [main/INFO] [GradleStart]: Login Succesful!
[19:17:56] [main/INFO] [GradleStart]: Running with arguments: [--userProperties, {}, --assetsDir, C:/Users/Fidget/.gradle/caches/minecraft/assets, --assetIndex, 1.8, --userType, mojang, --accessToken, {REDACTED}, --version, 1.8, --uuid, 527ced34e1b3477983ab6e5de9e75e96, --userPropertiesMap, [{"name":"twitch_access_token","value":"twf8cfecej6mx5exi9dz0co1q7a1mx"}], --username, DaJackyl, --tweakClass, net.minecraftforge.fml.common.launcher.FMLTweaker, --tweakClass, net.minecraftforge.gradle.GradleStartCommon$GradleStartTweaker]
[19:17:56] [main/INFO] [LaunchWrapper]: Loading tweak class name net.minecraftforge.fml.common.launcher.FMLTweaker
[19:17:56] [main/INFO] [LaunchWrapper]: Using primary tweak class name net.minecraftforge.fml.common.launcher.FMLTweaker
[19:17:56] [main/INFO] [LaunchWrapper]: Loading tweak class name net.minecraftforge.gradle.GradleStartCommon$GradleStartTweaker
[19:17:56] [main/INFO] [LaunchWrapper]: Calling tweak class net.minecraftforge.fml.common.launcher.FMLTweaker
[19:21:20] [main/INFO] [GradleStart]: username: rob@megathirio.com
[19:21:20] [main/INFO] [GradleStart]: Extra: []
[19:21:20] [main/INFO] [GradleStart]: Password found, attempting login
[19:21:21] [main/INFO] [GradleStart]: Login Succesful!
[19:21:21] [main/INFO] [GradleStart]: Running with arguments: [--userProperties, {}, --assetsDir, C:/Users/Fidget/.gradle/caches/minecraft/assets, --assetIndex, 1.8, --userType, mojang, --accessToken, {REDACTED}, --version, 1.8, --uuid, 527ced34e1b3477983ab6e5de9e75e96, --userPropertiesMap, [{"name":"twitch_access_token","value":"twf8cfecej6mx5exi9dz0co1q7a1mx"}], --username, DaJackyl, --tweakClass, net.minecraftforge.fml.common.launcher.FMLTweaker, --tweakClass, net.minecraftforge.gradle.GradleStartCommon$GradleStartTweaker]
[19:21:21] [main/INFO] [LaunchWrapper]: Loading tweak class name net.minecraftforge.fml.common.launcher.FMLTweaker
[19:21:21] [main/INFO] [LaunchWrapper]: Using primary tweak class name net.minecraftforge.fml.common.launcher.FMLTweaker
[19:21:21] [main/INFO] [LaunchWrapper]: Loading tweak class name net.minecraftforge.gradle.GradleStartCommon$GradleStartTweaker
[19:21:21] [main/INFO] [LaunchWrapper]: Calling tweak class net.minecraftforge.fml.common.launcher.FMLTweaker
[19:25:33] [main/INFO] [GradleStart]: username: rob@megathirio.com
[19:25:33] [main/INFO] [GradleStart]: Extra: []
[19:25:33] [main/INFO] [GradleStart]: Password found, attempting login
[19:25:34] [main/INFO] [GradleStart]: Login Succesful!
[19:25:34] [main/INFO] [GradleStart]: Running with arguments: [--userProperties, {}, --assetsDir, C:/Users/Fidget/.gradle/caches/minecraft/assets, --assetIndex, 1.8, --userType, mojang, --accessToken, {REDACTED}, --version, 1.8, --uuid, 527ced34e1b3477983ab6e5de9e75e96, --userPropertiesMap, [{"name":"twitch_access_token","value":"twf8cfecej6mx5exi9dz0co1q7a1mx"}], --username, DaJackyl, --tweakClass, net.minecraftforge.fml.common.launcher.FMLTweaker, --tweakClass, net.minecraftforge.gradle.GradleStartCommon$GradleStartTweaker]
[19:25:34] [main/INFO] [LaunchWrapper]: Loading tweak class name net.minecraftforge.fml.common.launcher.FMLTweaker
[19:25:34] [main/INFO] [LaunchWrapper]: Using primary tweak class name net.minecraftforge.fml.common.launcher.FMLTweaker
[19:25:34] [main/INFO] [LaunchWrapper]: Loading tweak class name net.minecraftforge.gradle.GradleStartCommon$GradleStartTweaker
[19:25:34] [main/INFO] [LaunchWrapper]: Calling tweak class net.minecraftforge.fml.common.launcher.FMLTweaker
[19:26:27] [main/INFO] [GradleStart]: username: rob@megathirio.com
[19:26:27] [main/INFO] [GradleStart]: Extra: []
[19:26:27] [main/INFO] [GradleStart]: Password found, attempting login
[19:26:29] [main/INFO] [GradleStart]: Login Succesful!
[19:26:29] [main/INFO] [GradleStart]: Running with arguments: [--userProperties, {}, --assetsDir, C:/Users/Fidget/.gradle/caches/minecraft/assets, --assetIndex, 1.8, --userType, mojang, --accessToken, {REDACTED}, --version, 1.8, --uuid, 527ced34e1b3477983ab6e5de9e75e96, --userPropertiesMap, [{"name":"twitch_access_token","value":"twf8cfecej6mx5exi9dz0co1q7a1mx"}], --username, DaJackyl, --tweakClass, net.minecraftforge.fml.common.launcher.FMLTweaker, --tweakClass, net.minecraftforge.gradle.GradleStartCommon$GradleStartTweaker]
[19:26:29] [main/INFO] [LaunchWrapper]: Loading tweak class name net.minecraftforge.fml.common.launcher.FMLTweaker
[19:26:29] [main/INFO] [LaunchWrapper]: Using primary tweak class name net.minecraftforge.fml.common.launcher.FMLTweaker
[19:26:29] [main/INFO] [LaunchWrapper]: Loading tweak class name net.minecraftforge.gradle.GradleStartCommon$GradleStartTweaker
[19:26:29] [main/INFO] [LaunchWrapper]: Calling tweak class net.minecraftforge.fml.common.launcher.FMLTweaker
[05:50:01] [main/INFO] [GradleStart]: username: rob@megathirio.com
[05:50:01] [main/INFO] [GradleStart]: Extra: []
[05:50:01] [main/INFO] [GradleStart]: Password found, attempting login
[05:50:02] [main/INFO] [GradleStart]: Login Succesful!
[05:50:02] [main/INFO] [GradleStart]: Running with arguments: [--userProperties, {}, --assetsDir, C:/Users/Fidget/.gradle/caches/minecraft/assets, --assetIndex, 1.8, --userType, mojang, --accessToken, {REDACTED}, --version, 1.8, --uuid, 527ced34e1b3477983ab6e5de9e75e96, --userPropertiesMap, [{"name":"twitch_access_token","value":"twf8cfecej6mx5exi9dz0co1q7a1mx"}], --username, DaJackyl, --tweakClass, net.minecraftforge.fml.common.launcher.FMLTweaker, --tweakClass, net.minecraftforge.gradle.GradleStartCommon$GradleStartTweaker]
[05:50:02] [main/INFO] [LaunchWrapper]: Loading tweak class name net.minecraftforge.fml.common.launcher.FMLTweaker
[05:50:02] [main/INFO] [LaunchWrapper]: Using primary tweak class name net.minecraftforge.fml.common.launcher.FMLTweaker
[05:50:02] [main/INFO] [LaunchWrapper]: Loading tweak class name net.minecraftforge.gradle.GradleStartCommon$GradleStartTweaker
[05:50:02] [main/INFO] [LaunchWrapper]: Calling tweak class net.minecraftforge.fml.common.launcher.FMLTweaker
[06:03:07] [main/INFO] [GradleStart]: username: rob@megathirio.com
[06:03:07] [main/INFO] [GradleStart]: Extra: []
[06:03:07] [main/INFO] [GradleStart]: Password found, attempting login
[06:03:08] [main/INFO] [GradleStart]: Login Succesful!
[06:03:08] [main/INFO] [GradleStart]: Running with arguments: [--userProperties, {}, --assetsDir, C:/Users/Fidget/.gradle/caches/minecraft/assets, --assetIndex, 1.8, --userType, mojang, --accessToken, {REDACTED}, --version, 1.8, --uuid, 527ced34e1b3477983ab6e5de9e75e96, --userPropertiesMap, [{"name":"twitch_access_token","value":"twf8cfecej6mx5exi9dz0co1q7a1mx"}], --username, DaJackyl, --tweakClass, net.minecraftforge.fml.common.launcher.FMLTweaker, --tweakClass, net.minecraftforge.gradle.GradleStartCommon$GradleStartTweaker]
[06:03:08] [main/INFO] [LaunchWrapper]: Loading tweak class name net.minecraftforge.fml.common.launcher.FMLTweaker
[06:03:08] [main/INFO] [LaunchWrapper]: Using primary tweak class name net.minecraftforge.fml.common.launcher.FMLTweaker
[06:03:08] [main/INFO] [LaunchWrapper]: Loading tweak class name net.minecraftforge.gradle.GradleStartCommon$GradleStartTweaker
[06:03:08] [main/INFO] [LaunchWrapper]: Calling tweak class net.minecraftforge.fml.common.launcher.FMLTweaker
[06:04:09] [main/INFO] [GradleStart]: username: rob@megathirio.com
[06:04:09] [main/INFO] [GradleStart]: Extra: []
[06:04:09] [main/INFO] [GradleStart]: Password found, attempting login
[06:04:10] [main/INFO] [GradleStart]: Login Succesful!
[06:04:10] [main/INFO] [GradleStart]: Running with arguments: [--userProperties, {}, --assetsDir, C:/Users/Fidget/.gradle/caches/minecraft/assets, --assetIndex, 1.8, --userType, mojang, --accessToken, {REDACTED}, --version, 1.8, --uuid, 527ced34e1b3477983ab6e5de9e75e96, --userPropertiesMap, [{"name":"twitch_access_token","value":"twf8cfecej6mx5exi9dz0co1q7a1mx"}], --username, DaJackyl, --tweakClass, net.minecraftforge.fml.common.launcher.FMLTweaker, --tweakClass, net.minecraftforge.gradle.GradleStartCommon$GradleStartTweaker]
[06:04:10] [main/INFO] [LaunchWrapper]: Loading tweak class name net.minecraftforge.fml.common.launcher.FMLTweaker
[06:04:10] [main/INFO] [LaunchWrapper]: Using primary tweak class name net.minecraftforge.fml.common.launcher.FMLTweaker
[06:04:10] [main/INFO] [LaunchWrapper]: Loading tweak class name net.minecraftforge.gradle.GradleStartCommon$GradleStartTweaker
[06:04:10] [main/INFO] [LaunchWrapper]: Calling tweak class net.minecraftforge.fml.common.launcher.FMLTweaker
[06:08:54] [main/INFO] [GradleStart]: username: rob@megathirio.com
[06:08:54] [main/INFO] [GradleStart]: Extra: []
[06:08:54] [main/INFO] [GradleStart]: Password found, attempting login
[06:08:55] [main/INFO] [GradleStart]: Login Succesful!
[06:08:55] [main/INFO] [GradleStart]: Running with arguments: [--userProperties, {}, --assetsDir, C:/Users/Fidget/.gradle/caches/minecraft/assets, --assetIndex, 1.8, --userType, mojang, --accessToken, {REDACTED}, --version, 1.8, --uuid, 527ced34e1b3477983ab6e5de9e75e96, --userPropertiesMap, [{"name":"twitch_access_token","value":"twf8cfecej6mx5exi9dz0co1q7a1mx"}], --username, DaJackyl, --tweakClass, net.minecraftforge.fml.common.launcher.FMLTweaker, --tweakClass, net.minecraftforge.gradle.GradleStartCommon$GradleStartTweaker]
[06:08:55] [main/INFO] [LaunchWrapper]: Loading tweak class name net.minecraftforge.fml.common.launcher.FMLTweaker
[06:08:55] [main/INFO] [LaunchWrapper]: Using primary tweak class name net.minecraftforge.fml.common.launcher.FMLTweaker
[06:08:55] [main/INFO] [LaunchWrapper]: Loading tweak class name net.minecraftforge.gradle.GradleStartCommon$GradleStartTweaker
[06:08:55] [main/INFO] [LaunchWrapper]: Calling tweak class net.minecraftforge.fml.common.launcher.FMLTweaker
[06:22:07] [main/INFO] [GradleStart]: username: rob@megathirio.com
[06:22:07] [main/INFO] [GradleStart]: Extra: []
[06:22:07] [main/INFO] [GradleStart]: Password found, attempting login
[06:22:07] [main/INFO] [GradleStart]: Login Succesful!
[06:22:07] [main/INFO] [GradleStart]: Running with arguments: [--userProperties, {}, --assetsDir, C:/Users/Fidget/.gradle/caches/minecraft/assets, --assetIndex, 1.8, --userType, mojang, --accessToken, {REDACTED}, --version, 1.8, --uuid, 527ced34e1b3477983ab6e5de9e75e96, --userPropertiesMap, [{"name":"twitch_access_token","value":"twf8cfecej6mx5exi9dz0co1q7a1mx"}], --username, DaJackyl, --tweakClass, net.minecraftforge.fml.common.launcher.FMLTweaker, --tweakClass, net.minecraftforge.gradle.GradleStartCommon$GradleStartTweaker]
[06:22:07] [main/INFO] [LaunchWrapper]: Loading tweak class name net.minecraftforge.fml.common.launcher.FMLTweaker
[06:22:07] [main/INFO] [LaunchWrapper]: Using primary tweak class name net.minecraftforge.fml.common.launcher.FMLTweaker
[06:22:07] [main/INFO] [LaunchWrapper]: Loading tweak class name net.minecraftforge.gradle.GradleStartCommon$GradleStartTweaker
[06:22:07] [main/INFO] [LaunchWrapper]: Calling tweak class net.minecraftforge.fml.common.launcher.FMLTweaker
[06:24:16] [main/INFO] [GradleStart]: username: rob@megathirio.com
[06:24:16] [main/INFO] [GradleStart]: Extra: []
[06:24:16] [main/INFO] [GradleStart]: Password found, attempting login
[06:24:17] [main/INFO] [GradleStart]: Login Succesful!
[06:24:17] [main/INFO] [GradleStart]: Running with arguments: [--userProperties, {}, --assetsDir, C:/Users/Fidget/.gradle/caches/minecraft/assets, --assetIndex, 1.8, --userType, mojang, --accessToken, {REDACTED}, --version, 1.8, --uuid, 527ced34e1b3477983ab6e5de9e75e96, --userPropertiesMap, [{"name":"twitch_access_token","value":"twf8cfecej6mx5exi9dz0co1q7a1mx"}], --username, DaJackyl, --tweakClass, net.minecraftforge.fml.common.launcher.FMLTweaker, --tweakClass, net.minecraftforge.gradle.GradleStartCommon$GradleStartTweaker]
[06:24:17] [main/INFO] [LaunchWrapper]: Loading tweak class name net.minecraftforge.fml.common.launcher.FMLTweaker
[06:24:17] [main/INFO] [LaunchWrapper]: Using primary tweak class name net.minecraftforge.fml.common.launcher.FMLTweaker
[06:24:17] [main/INFO] [LaunchWrapper]: Loading tweak class name net.minecraftforge.gradle.GradleStartCommon$GradleStartTweaker
[06:24:17] [main/INFO] [LaunchWrapper]: Calling tweak class net.minecraftforge.fml.common.launcher.FMLTweaker
[06:26:06] [main/INFO] [GradleStart]: username: rob@megathirio.com
[06:26:06] [main/INFO] [GradleStart]: Extra: []
[06:26:06] [main/INFO] [GradleStart]: Password found, attempting login
[06:26:07] [main/INFO] [GradleStart]: Login Succesful!
[06:26:07] [main/INFO] [GradleStart]: Running with arguments: [--userProperties, {}, --assetsDir, C:/Users/Fidget/.gradle/caches/minecraft/assets, --assetIndex, 1.8, --userType, mojang, --accessToken, {REDACTED}, --version, 1.8, --uuid, 527ced34e1b3477983ab6e5de9e75e96, --userPropertiesMap, [{"name":"twitch_access_token","value":"twf8cfecej6mx5exi9dz0co1q7a1mx"}], --username, DaJackyl, --tweakClass, net.minecraftforge.fml.common.launcher.FMLTweaker, --tweakClass, net.minecraftforge.gradle.GradleStartCommon$GradleStartTweaker]
[06:26:07] [main/INFO] [LaunchWrapper]: Loading tweak class name net.minecraftforge.fml.common.launcher.FMLTweaker
[06:26:07] [main/INFO] [LaunchWrapper]: Using primary tweak class name net.minecraftforge.fml.common.launcher.FMLTweaker
[06:26:07] [main/INFO] [LaunchWrapper]: Loading tweak class name net.minecraftforge.gradle.GradleStartCommon$GradleStartTweaker
[06:26:07] [main/INFO] [LaunchWrapper]: Calling tweak class net.minecraftforge.fml.common.launcher.FMLTweaker
[06:53:34] [main/INFO] [GradleStart]: username: rob@megathirio.com
[06:53:34] [main/INFO] [GradleStart]: Extra: []
[06:53:34] [main/INFO] [GradleStart]: Password found, attempting login
[06:53:35] [main/INFO] [GradleStart]: Login Succesful!
[06:53:35] [main/INFO] [GradleStart]: Running with arguments: [--userProperties, {}, --assetsDir, C:/Users/Fidget/.gradle/caches/minecraft/assets, --assetIndex, 1.8, --userType, mojang, --accessToken, {REDACTED}, --version, 1.8, --uuid, 527ced34e1b3477983ab6e5de9e75e96, --userPropertiesMap, [{"name":"twitch_access_token","value":"twf8cfecej6mx5exi9dz0co1q7a1mx"}], --username, DaJackyl, --tweakClass, net.minecraftforge.fml.common.launcher.FMLTweaker, --tweakClass, net.minecraftforge.gradle.GradleStartCommon$GradleStartTweaker]
[06:53:35] [main/INFO] [LaunchWrapper]: Loading tweak class name net.minecraftforge.fml.common.launcher.FMLTweaker
[06:53:35] [main/INFO] [LaunchWrapper]: Using primary tweak class name net.minecraftforge.fml.common.launcher.FMLTweaker
[06:53:35] [main/INFO] [LaunchWrapper]: Loading tweak class name net.minecraftforge.gradle.GradleStartCommon$GradleStartTweaker
[06:53:35] [main/INFO] [LaunchWrapper]: Calling tweak class net.minecraftforge.fml.common.launcher.FMLTweaker
[06:55:26] [main/INFO] [GradleStart]: username: rob@megathirio.com
[06:55:26] [main/INFO] [GradleStart]: Extra: []
[06:55:26] [main/INFO] [GradleStart]: Password found, attempting login
[06:55:27] [main/INFO] [GradleStart]: Login Succesful!
[06:55:27] [main/INFO] [GradleStart]: Running with arguments: [--userProperties, {}, --assetsDir, C:/Users/Fidget/.gradle/caches/minecraft/assets, --assetIndex, 1.8, --userType, mojang, --accessToken, {REDACTED}, --version, 1.8, --uuid, 527ced34e1b3477983ab6e5de9e75e96, --userPropertiesMap, [{"name":"twitch_access_token","value":"twf8cfecej6mx5exi9dz0co1q7a1mx"}], --username, DaJackyl, --tweakClass, net.minecraftforge.fml.common.launcher.FMLTweaker, --tweakClass, net.minecraftforge.gradle.GradleStartCommon$GradleStartTweaker]
[06:55:27] [main/INFO] [LaunchWrapper]: Loading tweak class name net.minecraftforge.fml.common.launcher.FMLTweaker
[06:55:27] [main/INFO] [LaunchWrapper]: Using primary tweak class name net.minecraftforge.fml.common.launcher.FMLTweaker
[06:55:27] [main/INFO] [LaunchWrapper]: Loading tweak class name net.minecraftforge.gradle.GradleStartCommon$GradleStartTweaker
[06:55:27] [main/INFO] [LaunchWrapper]: Calling tweak class net.minecraftforge.fml.common.launcher.FMLTweaker
[06:56:15] [main/INFO] [GradleStart]: username: rob@megathirio.com
[06:56:15] [main/INFO] [GradleStart]: Extra: []
[06:56:15] [main/INFO] [GradleStart]: Password found, attempting login
[06:56:16] [main/INFO] [GradleStart]: Login Succesful!
[06:56:16] [main/INFO] [GradleStart]: Running with arguments: [--userProperties, {}, --assetsDir, C:/Users/Fidget/.gradle/caches/minecraft/assets, --assetIndex, 1.8, --userType, mojang, --accessToken, {REDACTED}, --version, 1.8, --uuid, 527ced34e1b3477983ab6e5de9e75e96, --userPropertiesMap, [{"name":"twitch_access_token","value":"twf8cfecej6mx5exi9dz0co1q7a1mx"}], --username, DaJackyl, --tweakClass, net.minecraftforge.fml.common.launcher.FMLTweaker, --tweakClass, net.minecraftforge.gradle.GradleStartCommon$GradleStartTweaker]
[06:56:16] [main/INFO] [LaunchWrapper]: Loading tweak class name net.minecraftforge.fml.common.launcher.FMLTweaker
[06:56:16] [main/INFO] [LaunchWrapper]: Using primary tweak class name net.minecraftforge.fml.common.launcher.FMLTweaker
[06:56:16] [main/INFO] [LaunchWrapper]: Loading tweak class name net.minecraftforge.gradle.GradleStartCommon$GradleStartTweaker
[06:56:16] [main/INFO] [LaunchWrapper]: Calling tweak class net.minecraftforge.fml.common.launcher.FMLTweaker
[06:57:50] [main/INFO] [GradleStart]: username: rob@megathirio.com
[06:57:50] [main/INFO] [GradleStart]: Extra: []
[06:57:50] [main/INFO] [GradleStart]: Password found, attempting login
[06:57:51] [main/INFO] [GradleStart]: Login Succesful!
[06:57:51] [main/INFO] [GradleStart]: Running with arguments: [--userProperties, {}, --assetsDir, C:/Users/Fidget/.gradle/caches/minecraft/assets, --assetIndex, 1.8, --userType, mojang, --accessToken, {REDACTED}, --version, 1.8, --uuid, 527ced34e1b3477983ab6e5de9e75e96, --userPropertiesMap, [{"name":"twitch_access_token","value":"twf8cfecej6mx5exi9dz0co1q7a1mx"}], --username, DaJackyl, --tweakClass, net.minecraftforge.fml.common.launcher.FMLTweaker, --tweakClass, net.minecraftforge.gradle.GradleStartCommon$GradleStartTweaker]
[06:57:51] [main/INFO] [LaunchWrapper]: Loading tweak class name net.minecraftforge.fml.common.launcher.FMLTweaker
[06:57:51] [main/INFO] [LaunchWrapper]: Using primary tweak class name net.minecraftforge.fml.common.launcher.FMLTweaker
[06:57:51] [main/INFO] [LaunchWrapper]: Loading tweak class name net.minecraftforge.gradle.GradleStartCommon$GradleStartTweaker
[06:57:51] [main/INFO] [LaunchWrapper]: Calling tweak class net.minecraftforge.fml.common.launcher.FMLTweaker
[06:58:51] [main/INFO] [GradleStart]: username: rob@megathirio.com
[06:58:51] [main/INFO] [GradleStart]: Extra: []
[06:58:51] [main/INFO] [GradleStart]: Password found, attempting login
[06:58:51] [main/INFO] [GradleStart]: Login Succesful!
[06:58:51] [main/INFO] [GradleStart]: Running with arguments: [--userProperties, {}, --assetsDir, C:/Users/Fidget/.gradle/caches/minecraft/assets, --assetIndex, 1.8, --userType, mojang, --accessToken, {REDACTED}, --version, 1.8, --uuid, 527ced34e1b3477983ab6e5de9e75e96, --userPropertiesMap, [{"name":"twitch_access_token","value":"twf8cfecej6mx5exi9dz0co1q7a1mx"}], --username, DaJackyl, --tweakClass, net.minecraftforge.fml.common.launcher.FMLTweaker, --tweakClass, net.minecraftforge.gradle.GradleStartCommon$GradleStartTweaker]
[06:58:52] [main/INFO] [LaunchWrapper]: Loading tweak class name net.minecraftforge.fml.common.launcher.FMLTweaker
[06:58:52] [main/INFO] [LaunchWrapper]: Using primary tweak class name net.minecraftforge.fml.common.launcher.FMLTweaker
[06:58:52] [main/INFO] [LaunchWrapper]: Loading tweak class name net.minecraftforge.gradle.GradleStartCommon$GradleStartTweaker
[06:58:52] [main/INFO] [LaunchWrapper]: Calling tweak class net.minecraftforge.fml.common.launcher.FMLTweaker
[07:00:01] [main/INFO] [GradleStart]: username: rob@megathirio.com
[07:00:01] [main/INFO] [GradleStart]: Extra: []
[07:00:01] [main/INFO] [GradleStart]: Password found, attempting login
[07:00:02] [main/INFO] [GradleStart]: Login Succesful!
[07:00:02] [main/INFO] [GradleStart]: Running with arguments: [--userProperties, {}, --assetsDir, C:/Users/Fidget/.gradle/caches/minecraft/assets, --assetIndex, 1.8, --userType, mojang, --accessToken, {REDACTED}, --version, 1.8, --uuid, 527ced34e1b3477983ab6e5de9e75e96, --userPropertiesMap, [{"name":"twitch_access_token","value":"twf8cfecej6mx5exi9dz0co1q7a1mx"}], --username, DaJackyl, --tweakClass, net.minecraftforge.fml.common.launcher.FMLTweaker, --tweakClass, net.minecraftforge.gradle.GradleStartCommon$GradleStartTweaker]
[07:00:02] [main/INFO] [LaunchWrapper]: Loading tweak class name net.minecraftforge.fml.common.launcher.FMLTweaker
[07:00:02] [main/INFO] [LaunchWrapper]: Using primary tweak class name net.minecraftforge.fml.common.launcher.FMLTweaker
[07:00:02] [main/INFO] [LaunchWrapper]: Loading tweak class name net.minecraftforge.gradle.GradleStartCommon$GradleStartTweaker
[07:00:02] [main/INFO] [LaunchWrapper]: Calling tweak class net.minecraftforge.fml.common.launcher.FMLTweaker
[07:00:45] [main/INFO] [GradleStart]: username: rob@megathirio.com
[07:00:45] [main/INFO] [GradleStart]: Extra: []
[07:00:45] [main/INFO] [GradleStart]: Password found, attempting login
[07:00:46] [main/INFO] [GradleStart]: Login Succesful!
[07:00:46] [main/INFO] [GradleStart]: Running with arguments: [--userProperties, {}, --assetsDir, C:/Users/Fidget/.gradle/caches/minecraft/assets, --assetIndex, 1.8, --userType, mojang, --accessToken, {REDACTED}, --version, 1.8, --uuid, 527ced34e1b3477983ab6e5de9e75e96, --userPropertiesMap, [{"name":"twitch_access_token","value":"twf8cfecej6mx5exi9dz0co1q7a1mx"}], --username, DaJackyl, --tweakClass, net.minecraftforge.fml.common.launcher.FMLTweaker, --tweakClass, net.minecraftforge.gradle.GradleStartCommon$GradleStartTweaker]
[07:00:46] [main/INFO] [LaunchWrapper]: Loading tweak class name net.minecraftforge.fml.common.launcher.FMLTweaker
[07:00:46] [main/INFO] [LaunchWrapper]: Using primary tweak class name net.minecraftforge.fml.common.launcher.FMLTweaker
[07:00:46] [main/INFO] [LaunchWrapper]: Loading tweak class name net.minecraftforge.gradle.GradleStartCommon$GradleStartTweaker
[07:00:46] [main/INFO] [LaunchWrapper]: Calling tweak class net.minecraftforge.fml.common.launcher.FMLTweaker
[07:01:09] [main/INFO] [GradleStart]: username: rob@megathirio.com
[07:01:09] [main/INFO] [GradleStart]: Extra: []
[07:01:09] [main/INFO] [GradleStart]: Password found, attempting login
[07:01:09] [main/INFO] [GradleStart]: Login Succesful!
[07:01:10] [main/INFO] [GradleStart]: Running with arguments: [--userProperties, {}, --assetsDir, C:/Users/Fidget/.gradle/caches/minecraft/assets, --assetIndex, 1.8, --userType, mojang, --accessToken, {REDACTED}, --version, 1.8, --uuid, 527ced34e1b3477983ab6e5de9e75e96, --userPropertiesMap, [{"name":"twitch_access_token","value":"twf8cfecej6mx5exi9dz0co1q7a1mx"}], --username, DaJackyl, --tweakClass, net.minecraftforge.fml.common.launcher.FMLTweaker, --tweakClass, net.minecraftforge.gradle.GradleStartCommon$GradleStartTweaker]
[07:01:10] [main/INFO] [LaunchWrapper]: Loading tweak class name net.minecraftforge.fml.common.launcher.FMLTweaker
[07:01:10] [main/INFO] [LaunchWrapper]: Using primary tweak class name net.minecraftforge.fml.common.launcher.FMLTweaker
[07:01:10] [main/INFO] [LaunchWrapper]: Loading tweak class name net.minecraftforge.gradle.GradleStartCommon$GradleStartTweaker
[07:01:10] [main/INFO] [LaunchWrapper]: Calling tweak class net.minecraftforge.fml.common.launcher.FMLTweaker
[07:09:20] [main/INFO] [GradleStart]: username: rob@megathirio.com
[07:09:20] [main/INFO] [GradleStart]: Extra: []
[07:09:20] [main/INFO] [GradleStart]: Password found, attempting login
[07:09:21] [main/INFO] [GradleStart]: Login Succesful!
[07:09:21] [main/INFO] [GradleStart]: Running with arguments: [--userProperties, {}, --assetsDir, C:/Users/Fidget/.gradle/caches/minecraft/assets, --assetIndex, 1.8, --userType, mojang, --accessToken, {REDACTED}, --version, 1.8, --uuid, 527ced34e1b3477983ab6e5de9e75e96, --userPropertiesMap, [{"name":"twitch_access_token","value":"twf8cfecej6mx5exi9dz0co1q7a1mx"}], --username, DaJackyl, --tweakClass, net.minecraftforge.fml.common.launcher.FMLTweaker, --tweakClass, net.minecraftforge.gradle.GradleStartCommon$GradleStartTweaker]
[07:09:21] [main/INFO] [LaunchWrapper]: Loading tweak class name net.minecraftforge.fml.common.launcher.FMLTweaker
[07:09:21] [main/INFO] [LaunchWrapper]: Using primary tweak class name net.minecraftforge.fml.common.launcher.FMLTweaker
[07:09:21] [main/INFO] [LaunchWrapper]: Loading tweak class name net.minecraftforge.gradle.GradleStartCommon$GradleStartTweaker
[07:09:21] [main/INFO] [LaunchWrapper]: Calling tweak class net.minecraftforge.fml.common.launcher.FMLTweaker
[07:10:43] [main/INFO] [GradleStart]: username: rob@megathirio.com
[07:10:43] [main/INFO] [GradleStart]: Extra: []
[07:10:43] [main/INFO] [GradleStart]: Password found, attempting login
[07:10:44] [main/INFO] [GradleStart]: Login Succesful!
[07:10:44] [main/INFO] [GradleStart]: Running with arguments: [--userProperties, {}, --assetsDir, C:/Users/Fidget/.gradle/caches/minecraft/assets, --assetIndex, 1.8, --userType, mojang, --accessToken, {REDACTED}, --version, 1.8, --uuid, 527ced34e1b3477983ab6e5de9e75e96, --userPropertiesMap, [{"name":"twitch_access_token","value":"twf8cfecej6mx5exi9dz0co1q7a1mx"}], --username, DaJackyl, --tweakClass, net.minecraftforge.fml.common.launcher.FMLTweaker, --tweakClass, net.minecraftforge.gradle.GradleStartCommon$GradleStartTweaker]
[07:10:44] [main/INFO] [LaunchWrapper]: Loading tweak class name net.minecraftforge.fml.common.launcher.FMLTweaker
[07:10:44] [main/INFO] [LaunchWrapper]: Using primary tweak class name net.minecraftforge.fml.common.launcher.FMLTweaker
[07:10:44] [main/INFO] [LaunchWrapper]: Loading tweak class name net.minecraftforge.gradle.GradleStartCommon$GradleStartTweaker
[07:10:44] [main/INFO] [LaunchWrapper]: Calling tweak class net.minecraftforge.fml.common.launcher.FMLTweaker
[07:37:39] [main/INFO] [GradleStart]: username: rob@megathirio.com
[07:37:39] [main/INFO] [GradleStart]: Extra: []
[07:37:39] [main/INFO] [GradleStart]: Password found, attempting login
[07:37:40] [main/INFO] [GradleStart]: Login Succesful!
[07:37:40] [main/INFO] [GradleStart]: Running with arguments: [--userProperties, {}, --assetsDir, C:/Users/Fidget/.gradle/caches/minecraft/assets, --assetIndex, 1.8, --userType, mojang, --accessToken, {REDACTED}, --version, 1.8, --uuid, 527ced34e1b3477983ab6e5de9e75e96, --userPropertiesMap, [{"name":"twitch_access_token","value":"twf8cfecej6mx5exi9dz0co1q7a1mx"}], --username, DaJackyl, --tweakClass, net.minecraftforge.fml.common.launcher.FMLTweaker, --tweakClass, net.minecraftforge.gradle.GradleStartCommon$GradleStartTweaker]
[07:37:40] [main/INFO] [LaunchWrapper]: Loading tweak class name net.minecraftforge.fml.common.launcher.FMLTweaker
[07:37:40] [main/INFO] [LaunchWrapper]: Using primary tweak class name net.minecraftforge.fml.common.launcher.FMLTweaker
[07:37:40] [main/INFO] [LaunchWrapper]: Loading tweak class name net.minecraftforge.gradle.GradleStartCommon$GradleStartTweaker
[07:37:40] [main/INFO] [LaunchWrapper]: Calling tweak class net.minecraftforge.fml.common.launcher.FMLTweaker
[07:40:38] [main/INFO] [GradleStart]: username: rob@megathirio.com
[07:40:38] [main/INFO] [GradleStart]: Extra: []
[07:40:38] [main/INFO] [GradleStart]: Password found, attempting login
[07:40:39] [main/INFO] [GradleStart]: Login Succesful!
[07:40:39] [main/INFO] [GradleStart]: Running with arguments: [--userProperties, {}, --assetsDir, C:/Users/Fidget/.gradle/caches/minecraft/assets, --assetIndex, 1.8, --userType, mojang, --accessToken, {REDACTED}, --version, 1.8, --uuid, 527ced34e1b3477983ab6e5de9e75e96, --userPropertiesMap, [{"name":"twitch_access_token","value":"twf8cfecej6mx5exi9dz0co1q7a1mx"}], --username, DaJackyl, --tweakClass, net.minecraftforge.fml.common.launcher.FMLTweaker, --tweakClass, net.minecraftforge.gradle.GradleStartCommon$GradleStartTweaker]
[07:40:39] [main/INFO] [LaunchWrapper]: Loading tweak class name net.minecraftforge.fml.common.launcher.FMLTweaker
[07:40:39] [main/INFO] [LaunchWrapper]: Using primary tweak class name net.minecraftforge.fml.common.launcher.FMLTweaker
[07:40:39] [main/INFO] [LaunchWrapper]: Loading tweak class name net.minecraftforge.gradle.GradleStartCommon$GradleStartTweaker
[07:40:39] [main/INFO] [LaunchWrapper]: Calling tweak class net.minecraftforge.fml.common.launcher.FMLTweaker
[10:42:49] [main/INFO] [GradleStart]: username: rob@megathirio.com
[10:42:49] [main/INFO] [GradleStart]: Extra: []
[10:42:49] [main/INFO] [GradleStart]: Password found, attempting login
[10:42:51] [main/INFO] [GradleStart]: Login Succesful!
[10:42:51] [main/INFO] [GradleStart]: Running with arguments: [--userProperties, {}, --assetsDir, C:/Users/Fidget/.gradle/caches/minecraft/assets, --assetIndex, 1.8, --userType, mojang, --accessToken, {REDACTED}, --version, 1.8, --uuid, 527ced34e1b3477983ab6e5de9e75e96, --userPropertiesMap, [{"name":"twitch_access_token","value":"twf8cfecej6mx5exi9dz0co1q7a1mx"}], --username, DaJackyl, --tweakClass, net.minecraftforge.fml.common.launcher.FMLTweaker, --tweakClass, net.minecraftforge.gradle.GradleStartCommon$GradleStartTweaker]
[10:42:51] [main/INFO] [LaunchWrapper]: Loading tweak class name net.minecraftforge.fml.common.launcher.FMLTweaker
[10:42:51] [main/INFO] [LaunchWrapper]: Using primary tweak class name net.minecraftforge.fml.common.launcher.FMLTweaker
[10:42:51] [main/INFO] [LaunchWrapper]: Loading tweak class name net.minecraftforge.gradle.GradleStartCommon$GradleStartTweaker
[10:42:51] [main/INFO] [LaunchWrapper]: Calling tweak class net.minecraftforge.fml.common.launcher.FMLTweaker
[10:44:05] [main/INFO] [GradleStart]: username: rob@megathirio.com
[10:44:05] [main/INFO] [GradleStart]: Extra: []
[10:44:05] [main/INFO] [GradleStart]: Password found, attempting login
[10:44:06] [main/INFO] [GradleStart]: Login Succesful!
[10:44:06] [main/INFO] [GradleStart]: Running with arguments: [--userProperties, {}, --assetsDir, C:/Users/Fidget/.gradle/caches/minecraft/assets, --assetIndex, 1.8, --userType, mojang, --accessToken, {REDACTED}, --version, 1.8, --uuid, 527ced34e1b3477983ab6e5de9e75e96, --userPropertiesMap, [{"name":"twitch_access_token","value":"twf8cfecej6mx5exi9dz0co1q7a1mx"}], --username, DaJackyl, --tweakClass, net.minecraftforge.fml.common.launcher.FMLTweaker, --tweakClass, net.minecraftforge.gradle.GradleStartCommon$GradleStartTweaker]
[10:44:06] [main/INFO] [LaunchWrapper]: Loading tweak class name net.minecraftforge.fml.common.launcher.FMLTweaker
[10:44:06] [main/INFO] [LaunchWrapper]: Using primary tweak class name net.minecraftforge.fml.common.launcher.FMLTweaker
[10:44:06] [main/INFO] [LaunchWrapper]: Loading tweak class name net.minecraftforge.gradle.GradleStartCommon$GradleStartTweaker
[10:44:06] [main/INFO] [LaunchWrapper]: Calling tweak class net.minecraftforge.fml.common.launcher.FMLTweaker
[13:11:03] [main/INFO] [GradleStart]: username: rob@megathirio.com
[13:11:03] [main/INFO] [GradleStart]: Extra: []
[13:11:03] [main/INFO] [GradleStart]: Password found, attempting login
[13:11:04] [main/INFO] [GradleStart]: Login Succesful!
[13:11:04] [main/INFO] [GradleStart]: Running with arguments: [--userProperties, {}, --assetsDir, C:/Users/Fidget/.gradle/caches/minecraft/assets, --assetIndex, 1.8, --userType, mojang, --accessToken, {REDACTED}, --version, 1.8, --uuid, 527ced34e1b3477983ab6e5de9e75e96, --userPropertiesMap, [{"name":"twitch_access_token","value":"twf8cfecej6mx5exi9dz0co1q7a1mx"}], --username, DaJackyl, --tweakClass, net.minecraftforge.fml.common.launcher.FMLTweaker, --tweakClass, net.minecraftforge.gradle.GradleStartCommon$GradleStartTweaker]
[13:11:04] [main/INFO] [LaunchWrapper]: Loading tweak class name net.minecraftforge.fml.common.launcher.FMLTweaker
[13:11:04] [main/INFO] [LaunchWrapper]: Using primary tweak class name net.minecraftforge.fml.common.launcher.FMLTweaker
[13:11:04] [main/INFO] [LaunchWrapper]: Loading tweak class name net.minecraftforge.gradle.GradleStartCommon$GradleStartTweaker
[13:11:04] [main/INFO] [LaunchWrapper]: Calling tweak class net.minecraftforge.fml.common.launcher.FMLTweaker
[13:41:01] [main/INFO] [GradleStart]: username: rob@megathirio.com
[13:41:01] [main/INFO] [GradleStart]: Extra: []
[13:41:01] [main/INFO] [GradleStart]: Password found, attempting login
[13:41:02] [main/INFO] [GradleStart]: Login Succesful!
[13:41:02] [main/INFO] [GradleStart]: Running with arguments: [--userProperties, {}, --assetsDir, C:/Users/Fidget/.gradle/caches/minecraft/assets, --assetIndex, 1.8, --userType, mojang, --accessToken, {REDACTED}, --version, 1.8, --uuid, 527ced34e1b3477983ab6e5de9e75e96, --userPropertiesMap, [{"name":"twitch_access_token","value":"twf8cfecej6mx5exi9dz0co1q7a1mx"}], --username, DaJackyl, --tweakClass, net.minecraftforge.fml.common.launcher.FMLTweaker, --tweakClass, net.minecraftforge.gradle.GradleStartCommon$GradleStartTweaker]
[13:41:02] [main/INFO] [LaunchWrapper]: Loading tweak class name net.minecraftforge.fml.common.launcher.FMLTweaker
[13:41:02] [main/INFO] [LaunchWrapper]: Using primary tweak class name net.minecraftforge.fml.common.launcher.FMLTweaker
[13:41:02] [main/INFO] [LaunchWrapper]: Loading tweak class name net.minecraftforge.gradle.GradleStartCommon$GradleStartTweaker
[13:41:02] [main/INFO] [LaunchWrapper]: Calling tweak class net.minecraftforge.fml.common.launcher.FMLTweaker
[13:43:46] [main/INFO] [GradleStart]: username: rob@megathirio.com
[13:43:46] [main/INFO] [GradleStart]: Extra: []
[13:43:46] [main/INFO] [GradleStart]: Password found, attempting login
[13:43:47] [main/INFO] [GradleStart]: Login Succesful!
[13:43:47] [main/INFO] [GradleStart]: Running with arguments: [--userProperties, {}, --assetsDir, C:/Users/Fidget/.gradle/caches/minecraft/assets, --assetIndex, 1.8, --userType, mojang, --accessToken, {REDACTED}, --version, 1.8, --uuid, 527ced34e1b3477983ab6e5de9e75e96, --userPropertiesMap, [{"name":"twitch_access_token","value":"twf8cfecej6mx5exi9dz0co1q7a1mx"}], --username, DaJackyl, --tweakClass, net.minecraftforge.fml.common.launcher.FMLTweaker, --tweakClass, net.minecraftforge.gradle.GradleStartCommon$GradleStartTweaker]
[13:43:47] [main/INFO] [LaunchWrapper]: Loading tweak class name net.minecraftforge.fml.common.launcher.FMLTweaker
[13:43:47] [main/INFO] [LaunchWrapper]: Using primary tweak class name net.minecraftforge.fml.common.launcher.FMLTweaker
[13:43:47] [main/INFO] [LaunchWrapper]: Loading tweak class name net.minecraftforge.gradle.GradleStartCommon$GradleStartTweaker
[13:43:47] [main/INFO] [LaunchWrapper]: Calling tweak class net.minecraftforge.fml.common.launcher.FMLTweaker
[13:46:35] [main/INFO] [GradleStart]: username: rob@megathirio.com
[13:46:35] [main/INFO] [GradleStart]: Extra: []
[13:46:35] [main/INFO] [GradleStart]: Password found, attempting login
[13:46:36] [main/INFO] [GradleStart]: Login Succesful!
[13:46:36] [main/INFO] [GradleStart]: Running with arguments: [--userProperties, {}, --assetsDir, C:/Users/Fidget/.gradle/caches/minecraft/assets, --assetIndex, 1.8, --userType, mojang, --accessToken, {REDACTED}, --version, 1.8, --uuid, 527ced34e1b3477983ab6e5de9e75e96, --userPropertiesMap, [{"name":"twitch_access_token","value":"twf8cfecej6mx5exi9dz0co1q7a1mx"}], --username, DaJackyl, --tweakClass, net.minecraftforge.fml.common.launcher.FMLTweaker, --tweakClass, net.minecraftforge.gradle.GradleStartCommon$GradleStartTweaker]
[13:46:36] [main/INFO] [LaunchWrapper]: Loading tweak class name net.minecraftforge.fml.common.launcher.FMLTweaker
[13:46:36] [main/INFO] [LaunchWrapper]: Using primary tweak class name net.minecraftforge.fml.common.launcher.FMLTweaker
[13:46:36] [main/INFO] [LaunchWrapper]: Loading tweak class name net.minecraftforge.gradle.GradleStartCommon$GradleStartTweaker
[13:46:36] [main/INFO] [LaunchWrapper]: Calling tweak class net.minecraftforge.fml.common.launcher.FMLTweaker
[13:51:30] [main/INFO] [GradleStart]: username: rob@megathirio.com
[13:51:30] [main/INFO] [GradleStart]: Extra: []
[13:51:30] [main/INFO] [GradleStart]: Password found, attempting login
[13:51:30] [main/INFO] [GradleStart]: Login Succesful!
[13:51:31] [main/INFO] [GradleStart]: Running with arguments: [--userProperties, {}, --assetsDir, C:/Users/Fidget/.gradle/caches/minecraft/assets, --assetIndex, 1.8, --userType, mojang, --accessToken, {REDACTED}, --version, 1.8, --uuid, 527ced34e1b3477983ab6e5de9e75e96, --userPropertiesMap, [{"name":"twitch_access_token","value":"twf8cfecej6mx5exi9dz0co1q7a1mx"}], --username, DaJackyl, --tweakClass, net.minecraftforge.fml.common.launcher.FMLTweaker, --tweakClass, net.minecraftforge.gradle.GradleStartCommon$GradleStartTweaker]
[13:51:31] [main/INFO] [LaunchWrapper]: Loading tweak class name net.minecraftforge.fml.common.launcher.FMLTweaker
[13:51:31] [main/INFO] [LaunchWrapper]: Using primary tweak class name net.minecraftforge.fml.common.launcher.FMLTweaker
[13:51:31] [main/INFO] [LaunchWrapper]: Loading tweak class name net.minecraftforge.gradle.GradleStartCommon$GradleStartTweaker
[13:51:31] [main/INFO] [LaunchWrapper]: Calling tweak class net.minecraftforge.fml.common.launcher.FMLTweaker
[13:52:03] [main/INFO] [GradleStart]: username: rob@megathirio.com
[13:52:03] [main/INFO] [GradleStart]: Extra: []
[13:52:03] [main/INFO] [GradleStart]: Password found, attempting login
[13:52:04] [main/INFO] [GradleStart]: Login Succesful!
[13:52:04] [main/INFO] [GradleStart]: Running with arguments: [--userProperties, {}, --assetsDir, C:/Users/Fidget/.gradle/caches/minecraft/assets, --assetIndex, 1.8, --userType, mojang, --accessToken, {REDACTED}, --version, 1.8, --uuid, 527ced34e1b3477983ab6e5de9e75e96, --userPropertiesMap, [{"name":"twitch_access_token","value":"twf8cfecej6mx5exi9dz0co1q7a1mx"}], --username, DaJackyl, --tweakClass, net.minecraftforge.fml.common.launcher.FMLTweaker, --tweakClass, net.minecraftforge.gradle.GradleStartCommon$GradleStartTweaker]
[13:52:04] [main/INFO] [LaunchWrapper]: Loading tweak class name net.minecraftforge.fml.common.launcher.FMLTweaker
[13:52:04] [main/INFO] [LaunchWrapper]: Using primary tweak class name net.minecraftforge.fml.common.launcher.FMLTweaker
[13:52:04] [main/INFO] [LaunchWrapper]: Loading tweak class name net.minecraftforge.gradle.GradleStartCommon$GradleStartTweaker
[13:52:04] [main/INFO] [LaunchWrapper]: Calling tweak class net.minecraftforge.fml.common.launcher.FMLTweaker
[13:52:28] [main/INFO] [GradleStart]: username: rob@megathirio.com
[13:52:28] [main/INFO] [GradleStart]: Extra: []
[13:52:28] [main/INFO] [GradleStart]: Password found, attempting login
[13:52:29] [main/INFO] [GradleStart]: Login Succesful!
[13:52:29] [main/INFO] [GradleStart]: Running with arguments: [--userProperties, {}, --assetsDir, C:/Users/Fidget/.gradle/caches/minecraft/assets, --assetIndex, 1.8, --userType, mojang, --accessToken, {REDACTED}, --version, 1.8, --uuid, 527ced34e1b3477983ab6e5de9e75e96, --userPropertiesMap, [{"name":"twitch_access_token","value":"twf8cfecej6mx5exi9dz0co1q7a1mx"}], --username, DaJackyl, --tweakClass, net.minecraftforge.fml.common.launcher.FMLTweaker, --tweakClass, net.minecraftforge.gradle.GradleStartCommon$GradleStartTweaker]
[13:52:29] [main/INFO] [LaunchWrapper]: Loading tweak class name net.minecraftforge.fml.common.launcher.FMLTweaker
[13:52:29] [main/INFO] [LaunchWrapper]: Using primary tweak class name net.minecraftforge.fml.common.launcher.FMLTweaker
[13:52:29] [main/INFO] [LaunchWrapper]: Loading tweak class name net.minecraftforge.gradle.GradleStartCommon$GradleStartTweaker
[13:52:29] [main/INFO] [LaunchWrapper]: Calling tweak class net.minecraftforge.fml.common.launcher.FMLTweaker
[13:54:53] [main/INFO] [GradleStart]: username: rob@megathirio.com
[13:54:53] [main/INFO] [GradleStart]: Extra: []
[13:54:53] [main/INFO] [GradleStart]: Password found, attempting login
[13:54:54] [main/INFO] [GradleStart]: Login Succesful!
[13:54:54] [main/INFO] [GradleStart]: Running with arguments: [--userProperties, {}, --assetsDir, C:/Users/Fidget/.gradle/caches/minecraft/assets, --assetIndex, 1.8, --userType, mojang, --accessToken, {REDACTED}, --version, 1.8, --uuid, 527ced34e1b3477983ab6e5de9e75e96, --userPropertiesMap, [{"name":"twitch_access_token","value":"twf8cfecej6mx5exi9dz0co1q7a1mx"}], --username, DaJackyl, --tweakClass, net.minecraftforge.fml.common.launcher.FMLTweaker, --tweakClass, net.minecraftforge.gradle.GradleStartCommon$GradleStartTweaker]
[13:54:54] [main/INFO] [LaunchWrapper]: Loading tweak class name net.minecraftforge.fml.common.launcher.FMLTweaker
[13:54:54] [main/INFO] [LaunchWrapper]: Using primary tweak class name net.minecraftforge.fml.common.launcher.FMLTweaker
[13:54:54] [main/INFO] [LaunchWrapper]: Loading tweak class name net.minecraftforge.gradle.GradleStartCommon$GradleStartTweaker
[13:54:54] [main/INFO] [LaunchWrapper]: Calling tweak class net.minecraftforge.fml.common.launcher.FMLTweaker
[14:03:03] [main/INFO] [GradleStart]: username: rob@megathirio.com
[14:03:03] [main/INFO] [GradleStart]: Extra: []
[14:03:03] [main/INFO] [GradleStart]: Password found, attempting login
[14:03:04] [main/INFO] [GradleStart]: Login Succesful!
[14:03:04] [main/INFO] [GradleStart]: Running with arguments: [--userProperties, {}, --assetsDir, C:/Users/Fidget/.gradle/caches/minecraft/assets, --assetIndex, 1.8, --userType, mojang, --accessToken, {REDACTED}, --version, 1.8, --uuid, 527ced34e1b3477983ab6e5de9e75e96, --userPropertiesMap, [{"name":"twitch_access_token","value":"twf8cfecej6mx5exi9dz0co1q7a1mx"}], --username, DaJackyl, --tweakClass, net.minecraftforge.fml.common.launcher.FMLTweaker, --tweakClass, net.minecraftforge.gradle.GradleStartCommon$GradleStartTweaker]
[14:03:04] [main/INFO] [LaunchWrapper]: Loading tweak class name net.minecraftforge.fml.common.launcher.FMLTweaker
[14:03:04] [main/INFO] [LaunchWrapper]: Using primary tweak class name net.minecraftforge.fml.common.launcher.FMLTweaker
[14:03:04] [main/INFO] [LaunchWrapper]: Loading tweak class name net.minecraftforge.gradle.GradleStartCommon$GradleStartTweaker
[14:03:04] [main/INFO] [LaunchWrapper]: Calling tweak class net.minecraftforge.fml.common.launcher.FMLTweaker
[14:12:37] [main/INFO] [GradleStart]: username: rob@megathirio.com
[14:12:37] [main/INFO] [GradleStart]: Extra: []
[14:12:37] [main/INFO] [GradleStart]: Password found, attempting login
[14:12:38] [main/INFO] [GradleStart]: Login Succesful!
[14:12:38] [main/INFO] [GradleStart]: Running with arguments: [--userProperties, {}, --assetsDir, C:/Users/Fidget/.gradle/caches/minecraft/assets, --assetIndex, 1.8, --userType, mojang, --accessToken, {REDACTED}, --version, 1.8, --uuid, 527ced34e1b3477983ab6e5de9e75e96, --userPropertiesMap, [{"name":"twitch_access_token","value":"twf8cfecej6mx5exi9dz0co1q7a1mx"}], --username, DaJackyl, --tweakClass, net.minecraftforge.fml.common.launcher.FMLTweaker, --tweakClass, net.minecraftforge.gradle.GradleStartCommon$GradleStartTweaker]
[14:12:38] [main/INFO] [LaunchWrapper]: Loading tweak class name net.minecraftforge.fml.common.launcher.FMLTweaker
[14:12:38] [main/INFO] [LaunchWrapper]: Using primary tweak class name net.minecraftforge.fml.common.launcher.FMLTweaker
[14:12:38] [main/INFO] [LaunchWrapper]: Loading tweak class name net.minecraftforge.gradle.GradleStartCommon$GradleStartTweaker
[14:12:38] [main/INFO] [LaunchWrapper]: Calling tweak class net.minecraftforge.fml.common.launcher.FMLTweaker
[14:17:22] [main/INFO] [GradleStart]: username: rob@megathirio.com
[14:17:22] [main/INFO] [GradleStart]: Extra: []
[14:17:22] [main/INFO] [GradleStart]: Password found, attempting login
[14:17:23] [main/INFO] [GradleStart]: Login Succesful!
[14:17:23] [main/INFO] [GradleStart]: Running with arguments: [--userProperties, {}, --assetsDir, C:/Users/Fidget/.gradle/caches/minecraft/assets, --assetIndex, 1.8, --userType, mojang, --accessToken, {REDACTED}, --version, 1.8, --uuid, 527ced34e1b3477983ab6e5de9e75e96, --userPropertiesMap, [{"name":"twitch_access_token","value":"twf8cfecej6mx5exi9dz0co1q7a1mx"}], --username, DaJackyl, --tweakClass, net.minecraftforge.fml.common.launcher.FMLTweaker, --tweakClass, net.minecraftforge.gradle.GradleStartCommon$GradleStartTweaker]
[14:17:23] [main/INFO] [LaunchWrapper]: Loading tweak class name net.minecraftforge.fml.common.launcher.FMLTweaker
[14:17:23] [main/INFO] [LaunchWrapper]: Using primary tweak class name net.minecraftforge.fml.common.launcher.FMLTweaker
[14:17:23] [main/INFO] [LaunchWrapper]: Loading tweak class name net.minecraftforge.gradle.GradleStartCommon$GradleStartTweaker
[14:17:23] [main/INFO] [LaunchWrapper]: Calling tweak class net.minecraftforge.fml.common.launcher.FMLTweaker
[14:18:05] [main/INFO] [GradleStart]: username: rob@megathirio.com
[14:18:05] [main/INFO] [GradleStart]: Extra: []
[14:18:05] [main/INFO] [GradleStart]: Password found, attempting login
[14:18:06] [main/INFO] [GradleStart]: Login Succesful!
[14:18:06] [main/INFO] [GradleStart]: Running with arguments: [--userProperties, {}, --assetsDir, C:/Users/Fidget/.gradle/caches/minecraft/assets, --assetIndex, 1.8, --userType, mojang, --accessToken, {REDACTED}, --version, 1.8, --uuid, 527ced34e1b3477983ab6e5de9e75e96, --userPropertiesMap, [{"name":"twitch_access_token","value":"twf8cfecej6mx5exi9dz0co1q7a1mx"}], --username, DaJackyl, --tweakClass, net.minecraftforge.fml.common.launcher.FMLTweaker, --tweakClass, net.minecraftforge.gradle.GradleStartCommon$GradleStartTweaker]
[14:18:06] [main/INFO] [LaunchWrapper]: Loading tweak class name net.minecraftforge.fml.common.launcher.FMLTweaker
[14:18:06] [main/INFO] [LaunchWrapper]: Using primary tweak class name net.minecraftforge.fml.common.launcher.FMLTweaker
[14:18:06] [main/INFO] [LaunchWrapper]: Loading tweak class name net.minecraftforge.gradle.GradleStartCommon$GradleStartTweaker
[14:18:06] [main/INFO] [LaunchWrapper]: Calling tweak class net.minecraftforge.fml.common.launcher.FMLTweaker
[14:22:25] [main/INFO] [GradleStart]: username: rob@megathirio.com
[14:22:25] [main/INFO] [GradleStart]: Extra: []
[14:22:25] [main/INFO] [GradleStart]: Password found, attempting login
[14:22:26] [main/INFO] [GradleStart]: Login Succesful!
[14:22:26] [main/INFO] [GradleStart]: Running with arguments: [--userProperties, {}, --assetsDir, C:/Users/Fidget/.gradle/caches/minecraft/assets, --assetIndex, 1.8, --userType, mojang, --accessToken, {REDACTED}, --version, 1.8, --uuid, 527ced34e1b3477983ab6e5de9e75e96, --userPropertiesMap, [{"name":"twitch_access_token","value":"twf8cfecej6mx5exi9dz0co1q7a1mx"}], --username, DaJackyl, --tweakClass, net.minecraftforge.fml.common.launcher.FMLTweaker, --tweakClass, net.minecraftforge.gradle.GradleStartCommon$GradleStartTweaker]
[14:22:26] [main/INFO] [LaunchWrapper]: Loading tweak class name net.minecraftforge.fml.common.launcher.FMLTweaker
[14:22:26] [main/INFO] [LaunchWrapper]: Using primary tweak class name net.minecraftforge.fml.common.launcher.FMLTweaker
[14:22:26] [main/INFO] [LaunchWrapper]: Loading tweak class name net.minecraftforge.gradle.GradleStartCommon$GradleStartTweaker
[14:22:26] [main/INFO] [LaunchWrapper]: Calling tweak class net.minecraftforge.fml.common.launcher.FMLTweaker
[14:34:06] [main/INFO] [GradleStart]: username: rob@megathirio.com
[14:34:06] [main/INFO] [GradleStart]: Extra: []
[14:34:06] [main/INFO] [GradleStart]: Password found, attempting login
[14:34:07] [main/INFO] [GradleStart]: Login Succesful!
[14:34:07] [main/INFO] [GradleStart]: Running with arguments: [--userProperties, {}, --assetsDir, C:/Users/Fidget/.gradle/caches/minecraft/assets, --assetIndex, 1.8, --userType, mojang, --accessToken, {REDACTED}, --version, 1.8, --uuid, 527ced34e1b3477983ab6e5de9e75e96, --userPropertiesMap, [{"name":"twitch_access_token","value":"twf8cfecej6mx5exi9dz0co1q7a1mx"}], --username, DaJackyl, --tweakClass, net.minecraftforge.fml.common.launcher.FMLTweaker, --tweakClass, net.minecraftforge.gradle.GradleStartCommon$GradleStartTweaker]
[14:34:07] [main/INFO] [LaunchWrapper]: Loading tweak class name net.minecraftforge.fml.common.launcher.FMLTweaker
[14:34:07] [main/INFO] [LaunchWrapper]: Using primary tweak class name net.minecraftforge.fml.common.launcher.FMLTweaker
[14:34:07] [main/INFO] [LaunchWrapper]: Loading tweak class name net.minecraftforge.gradle.GradleStartCommon$GradleStartTweaker
[14:34:07] [main/INFO] [LaunchWrapper]: Calling tweak class net.minecraftforge.fml.common.launcher.FMLTweaker
[14:35:30] [main/INFO] [GradleStart]: username: rob@megathirio.com
[14:35:30] [main/INFO] [GradleStart]: Extra: []
[14:35:30] [main/INFO] [GradleStart]: Password found, attempting login
[14:35:31] [main/INFO] [GradleStart]: Login Succesful!
[14:35:31] [main/INFO] [GradleStart]: Running with arguments: [--userProperties, {}, --assetsDir, C:/Users/Fidget/.gradle/caches/minecraft/assets, --assetIndex, 1.8, --userType, mojang, --accessToken, {REDACTED}, --version, 1.8, --uuid, 527ced34e1b3477983ab6e5de9e75e96, --userPropertiesMap, [{"name":"twitch_access_token","value":"twf8cfecej6mx5exi9dz0co1q7a1mx"}], --username, DaJackyl, --tweakClass, net.minecraftforge.fml.common.launcher.FMLTweaker, --tweakClass, net.minecraftforge.gradle.GradleStartCommon$GradleStartTweaker]
[14:35:31] [main/INFO] [LaunchWrapper]: Loading tweak class name net.minecraftforge.fml.common.launcher.FMLTweaker
[14:35:31] [main/INFO] [LaunchWrapper]: Using primary tweak class name net.minecraftforge.fml.common.launcher.FMLTweaker
[14:35:31] [main/INFO] [LaunchWrapper]: Loading tweak class name net.minecraftforge.gradle.GradleStartCommon$GradleStartTweaker
[14:35:31] [main/INFO] [LaunchWrapper]: Calling tweak class net.minecraftforge.fml.common.launcher.FMLTweaker
[06:42:59] [main/INFO] [GradleStart]: username: rob@megathirio.com
[06:42:59] [main/INFO] [GradleStart]: Extra: []
[06:42:59] [main/INFO] [GradleStart]: Password found, attempting login
[06:43:00] [main/INFO] [GradleStart]: Login Succesful!
[06:43:00] [main/INFO] [GradleStart]: Running with arguments: [--userProperties, {}, --assetsDir, C:/Users/Fidget/.gradle/caches/minecraft/assets, --assetIndex, 1.8, --userType, mojang, --accessToken, {REDACTED}, --version, 1.8, --uuid, 527ced34e1b3477983ab6e5de9e75e96, --userPropertiesMap, [{"name":"twitch_access_token","value":"twf8cfecej6mx5exi9dz0co1q7a1mx"}], --username, DaJackyl, --tweakClass, net.minecraftforge.fml.common.launcher.FMLTweaker, --tweakClass, net.minecraftforge.gradle.GradleStartCommon$GradleStartTweaker]
[06:43:00] [main/INFO] [LaunchWrapper]: Loading tweak class name net.minecraftforge.fml.common.launcher.FMLTweaker
[06:43:00] [main/INFO] [LaunchWrapper]: Using primary tweak class name net.minecraftforge.fml.common.launcher.FMLTweaker
[06:43:00] [main/INFO] [LaunchWrapper]: Loading tweak class name net.minecraftforge.gradle.GradleStartCommon$GradleStartTweaker
[06:43:00] [main/INFO] [LaunchWrapper]: Calling tweak class net.minecraftforge.fml.common.launcher.FMLTweaker
[07:04:09] [main/INFO] [GradleStart]: username: rob@megathirio.com
[07:04:09] [main/INFO] [GradleStart]: Extra: []
[07:04:09] [main/INFO] [GradleStart]: Password found, attempting login
[07:04:10] [main/INFO] [GradleStart]: Login Succesful!
[07:04:10] [main/INFO] [GradleStart]: Running with arguments: [--userProperties, {}, --assetsDir, C:/Users/Fidget/.gradle/caches/minecraft/assets, --assetIndex, 1.8, --userType, mojang, --accessToken, {REDACTED}, --version, 1.8, --uuid, 527ced34e1b3477983ab6e5de9e75e96, --userPropertiesMap, [{"name":"twitch_access_token","value":"twf8cfecej6mx5exi9dz0co1q7a1mx"}], --username, DaJackyl, --tweakClass, net.minecraftforge.fml.common.launcher.FMLTweaker, --tweakClass, net.minecraftforge.gradle.GradleStartCommon$GradleStartTweaker]
[07:04:10] [main/INFO] [LaunchWrapper]: Loading tweak class name net.minecraftforge.fml.common.launcher.FMLTweaker
[07:04:10] [main/INFO] [LaunchWrapper]: Using primary tweak class name net.minecraftforge.fml.common.launcher.FMLTweaker
[07:04:10] [main/INFO] [LaunchWrapper]: Loading tweak class name net.minecraftforge.gradle.GradleStartCommon$GradleStartTweaker
[07:04:10] [main/INFO] [LaunchWrapper]: Calling tweak class net.minecraftforge.fml.common.launcher.FMLTweaker
[07:08:58] [main/INFO] [GradleStart]: username: rob@megathirio.com
[07:08:58] [main/INFO] [GradleStart]: Extra: []
[07:08:58] [main/INFO] [GradleStart]: Password found, attempting login
[07:08:58] [main/INFO] [GradleStart]: Login Succesful!
[07:08:59] [main/INFO] [GradleStart]: Running with arguments: [--userProperties, {}, --assetsDir, C:/Users/Fidget/.gradle/caches/minecraft/assets, --assetIndex, 1.8, --userType, mojang, --accessToken, {REDACTED}, --version, 1.8, --uuid, 527ced34e1b3477983ab6e5de9e75e96, --userPropertiesMap, [{"name":"twitch_access_token","value":"twf8cfecej6mx5exi9dz0co1q7a1mx"}], --username, DaJackyl, --tweakClass, net.minecraftforge.fml.common.launcher.FMLTweaker, --tweakClass, net.minecraftforge.gradle.GradleStartCommon$GradleStartTweaker]
[07:08:59] [main/INFO] [LaunchWrapper]: Loading tweak class name net.minecraftforge.fml.common.launcher.FMLTweaker
[07:08:59] [main/INFO] [LaunchWrapper]: Using primary tweak class name net.minecraftforge.fml.common.launcher.FMLTweaker
[07:08:59] [main/INFO] [LaunchWrapper]: Loading tweak class name net.minecraftforge.gradle.GradleStartCommon$GradleStartTweaker
[07:08:59] [main/INFO] [LaunchWrapper]: Calling tweak class net.minecraftforge.fml.common.launcher.FMLTweaker
[07:11:20] [main/INFO] [GradleStart]: username: rob@megathirio.com
[07:11:20] [main/INFO] [GradleStart]: Extra: []
[07:11:20] [main/INFO] [GradleStart]: Password found, attempting login
[07:11:21] [main/INFO] [GradleStart]: Login Succesful!
[07:11:21] [main/INFO] [GradleStart]: Running with arguments: [--userProperties, {}, --assetsDir, C:/Users/Fidget/.gradle/caches/minecraft/assets, --assetIndex, 1.8, --userType, mojang, --accessToken, {REDACTED}, --version, 1.8, --uuid, 527ced34e1b3477983ab6e5de9e75e96, --userPropertiesMap, [{"name":"twitch_access_token","value":"twf8cfecej6mx5exi9dz0co1q7a1mx"}], --username, DaJackyl, --tweakClass, net.minecraftforge.fml.common.launcher.FMLTweaker, --tweakClass, net.minecraftforge.gradle.GradleStartCommon$GradleStartTweaker]
[07:11:21] [main/INFO] [LaunchWrapper]: Loading tweak class name net.minecraftforge.fml.common.launcher.FMLTweaker
[07:11:21] [main/INFO] [LaunchWrapper]: Using primary tweak class name net.minecraftforge.fml.common.launcher.FMLTweaker
[07:11:21] [main/INFO] [LaunchWrapper]: Loading tweak class name net.minecraftforge.gradle.GradleStartCommon$GradleStartTweaker
[07:11:21] [main/INFO] [LaunchWrapper]: Calling tweak class net.minecraftforge.fml.common.launcher.FMLTweaker
[07:28:12] [main/INFO] [GradleStart]: username: rob@megathirio.com
[07:28:12] [main/INFO] [GradleStart]: Extra: []
[07:28:12] [main/INFO] [GradleStart]: Password found, attempting login
[07:28:13] [main/INFO] [GradleStart]: Login Succesful!
[07:28:13] [main/INFO] [GradleStart]: Running with arguments: [--userProperties, {}, --assetsDir, C:/Users/Fidget/.gradle/caches/minecraft/assets, --assetIndex, 1.8, --userType, mojang, --accessToken, {REDACTED}, --version, 1.8, --uuid, 527ced34e1b3477983ab6e5de9e75e96, --userPropertiesMap, [{"name":"twitch_access_token","value":"twf8cfecej6mx5exi9dz0co1q7a1mx"}], --username, DaJackyl, --tweakClass, net.minecraftforge.fml.common.launcher.FMLTweaker, --tweakClass, net.minecraftforge.gradle.GradleStartCommon$GradleStartTweaker]
[07:28:13] [main/INFO] [LaunchWrapper]: Loading tweak class name net.minecraftforge.fml.common.launcher.FMLTweaker
[07:28:13] [main/INFO] [LaunchWrapper]: Using primary tweak class name net.minecraftforge.fml.common.launcher.FMLTweaker
[07:28:13] [main/INFO] [LaunchWrapper]: Loading tweak class name net.minecraftforge.gradle.GradleStartCommon$GradleStartTweaker
[07:28:13] [main/INFO] [LaunchWrapper]: Calling tweak class net.minecraftforge.fml.common.launcher.FMLTweaker
[07:34:30] [main/INFO] [GradleStart]: username: rob@megathirio.com
[07:34:30] [main/INFO] [GradleStart]: Extra: []
[07:34:30] [main/INFO] [GradleStart]: Password found, attempting login
[07:34:31] [main/INFO] [GradleStart]: Login Succesful!
[07:34:31] [main/INFO] [GradleStart]: Running with arguments: [--userProperties, {}, --assetsDir, C:/Users/Fidget/.gradle/caches/minecraft/assets, --assetIndex, 1.8, --userType, mojang, --accessToken, {REDACTED}, --version, 1.8, --uuid, 527ced34e1b3477983ab6e5de9e75e96, --userPropertiesMap, [{"name":"twitch_access_token","value":"twf8cfecej6mx5exi9dz0co1q7a1mx"}], --username, DaJackyl, --tweakClass, net.minecraftforge.fml.common.launcher.FMLTweaker, --tweakClass, net.minecraftforge.gradle.GradleStartCommon$GradleStartTweaker]
[07:34:31] [main/INFO] [LaunchWrapper]: Loading tweak class name net.minecraftforge.fml.common.launcher.FMLTweaker
[07:34:31] [main/INFO] [LaunchWrapper]: Using primary tweak class name net.minecraftforge.fml.common.launcher.FMLTweaker
[07:34:31] [main/INFO] [LaunchWrapper]: Loading tweak class name net.minecraftforge.gradle.GradleStartCommon$GradleStartTweaker
[07:34:31] [main/INFO] [LaunchWrapper]: Calling tweak class net.minecraftforge.fml.common.launcher.FMLTweaker
[14:42:49] [main/INFO] [GradleStart]: username: rob@megathirio.com
[14:42:49] [main/INFO] [GradleStart]: Extra: []
[14:42:49] [main/INFO] [GradleStart]: Password found, attempting login
[14:42:50] [main/INFO] [GradleStart]: Login Succesful!
[14:42:50] [main/INFO] [GradleStart]: Running with arguments: [--userProperties, {}, --assetsDir, C:/Users/Fidget/.gradle/caches/minecraft/assets, --assetIndex, 1.8, --userType, mojang, --accessToken, {REDACTED}, --version, 1.8, --uuid, 527ced34e1b3477983ab6e5de9e75e96, --userPropertiesMap, [{"name":"twitch_access_token","value":"twf8cfecej6mx5exi9dz0co1q7a1mx"}], --username, DaJackyl, --tweakClass, net.minecraftforge.fml.common.launcher.FMLTweaker, --tweakClass, net.minecraftforge.gradle.GradleStartCommon$GradleStartTweaker]
[14:42:50] [main/INFO] [LaunchWrapper]: Loading tweak class name net.minecraftforge.fml.common.launcher.FMLTweaker
[14:42:50] [main/INFO] [LaunchWrapper]: Using primary tweak class name net.minecraftforge.fml.common.launcher.FMLTweaker
[14:42:50] [main/INFO] [LaunchWrapper]: Loading tweak class name net.minecraftforge.gradle.GradleStartCommon$GradleStartTweaker
[14:42:50] [main/INFO] [LaunchWrapper]: Calling tweak class net.minecraftforge.fml.common.launcher.FMLTweaker
[14:51:15] [main/INFO] [GradleStart]: username: rob@megathirio.com
[14:51:15] [main/INFO] [GradleStart]: Extra: []
[14:51:15] [main/INFO] [GradleStart]: Password found, attempting login
[14:51:16] [main/INFO] [GradleStart]: Login Succesful!
[14:51:16] [main/INFO] [GradleStart]: Running with arguments: [--userProperties, {}, --assetsDir, C:/Users/Fidget/.gradle/caches/minecraft/assets, --assetIndex, 1.8, --userType, mojang, --accessToken, {REDACTED}, --version, 1.8, --uuid, 527ced34e1b3477983ab6e5de9e75e96, --userPropertiesMap, [{"name":"twitch_access_token","value":"twf8cfecej6mx5exi9dz0co1q7a1mx"}], --username, DaJackyl, --tweakClass, net.minecraftforge.fml.common.launcher.FMLTweaker, --tweakClass, net.minecraftforge.gradle.GradleStartCommon$GradleStartTweaker]
[14:51:16] [main/INFO] [LaunchWrapper]: Loading tweak class name net.minecraftforge.fml.common.launcher.FMLTweaker
[14:51:16] [main/INFO] [LaunchWrapper]: Using primary tweak class name net.minecraftforge.fml.common.launcher.FMLTweaker
[14:51:16] [main/INFO] [LaunchWrapper]: Loading tweak class name net.minecraftforge.gradle.GradleStartCommon$GradleStartTweaker
[14:51:16] [main/INFO] [LaunchWrapper]: Calling tweak class net.minecraftforge.fml.common.launcher.FMLTweaker
[14:51:29] [main/INFO] [GradleStart]: username: rob@megathirio.com
[14:51:29] [main/INFO] [GradleStart]: Extra: []
[14:51:29] [main/INFO] [GradleStart]: Password found, attempting login
[14:51:30] [main/INFO] [GradleStart]: Login Succesful!
[14:51:30] [main/INFO] [GradleStart]: Running with arguments: [--userProperties, {}, --assetsDir, C:/Users/Fidget/.gradle/caches/minecraft/assets, --assetIndex, 1.8, --userType, mojang, --accessToken, {REDACTED}, --version, 1.8, --uuid, 527ced34e1b3477983ab6e5de9e75e96, --userPropertiesMap, [{"name":"twitch_access_token","value":"twf8cfecej6mx5exi9dz0co1q7a1mx"}], --username, DaJackyl, --tweakClass, net.minecraftforge.fml.common.launcher.FMLTweaker, --tweakClass, net.minecraftforge.gradle.GradleStartCommon$GradleStartTweaker]
[14:51:30] [main/INFO] [LaunchWrapper]: Loading tweak class name net.minecraftforge.fml.common.launcher.FMLTweaker
[14:51:30] [main/INFO] [LaunchWrapper]: Using primary tweak class name net.minecraftforge.fml.common.launcher.FMLTweaker
[14:51:30] [main/INFO] [LaunchWrapper]: Loading tweak class name net.minecraftforge.gradle.GradleStartCommon$GradleStartTweaker
[14:51:30] [main/INFO] [LaunchWrapper]: Calling tweak class net.minecraftforge.fml.common.launcher.FMLTweaker
[09:46:35] [main/INFO] [GradleStart]: username: rob@megathirio.com
[09:46:35] [main/INFO] [GradleStart]: Extra: []
[09:46:35] [main/INFO] [GradleStart]: Password found, attempting login
[09:46:37] [main/INFO] [GradleStart]: Login Succesful!
[09:46:37] [main/INFO] [GradleStart]: Running with arguments: [--userProperties, {}, --assetsDir, C:/Users/Fidget/.gradle/caches/minecraft/assets, --assetIndex, 1.8, --userType, mojang, --accessToken, {REDACTED}, --version, 1.8, --uuid, 527ced34e1b3477983ab6e5de9e75e96, --userPropertiesMap, [{"name":"twitch_access_token","value":"twf8cfecej6mx5exi9dz0co1q7a1mx"}], --username, DaJackyl, --tweakClass, net.minecraftforge.fml.common.launcher.FMLTweaker, --tweakClass, net.minecraftforge.gradle.GradleStartCommon$GradleStartTweaker]
[09:46:37] [main/INFO] [LaunchWrapper]: Loading tweak class name net.minecraftforge.fml.common.launcher.FMLTweaker
[09:46:37] [main/INFO] [LaunchWrapper]: Using primary tweak class name net.minecraftforge.fml.common.launcher.FMLTweaker
[09:46:37] [main/INFO] [LaunchWrapper]: Loading tweak class name net.minecraftforge.gradle.GradleStartCommon$GradleStartTweaker
[09:46:37] [main/INFO] [LaunchWrapper]: Calling tweak class net.minecraftforge.fml.common.launcher.FMLTweaker
[09:47:21] [main/INFO] [GradleStart]: username: rob@megathirio.com
[09:47:21] [main/INFO] [GradleStart]: Extra: []
[09:47:21] [main/INFO] [GradleStart]: Password found, attempting login
[09:47:22] [main/INFO] [GradleStart]: Login Succesful!
[09:47:22] [main/INFO] [GradleStart]: Running with arguments: [--userProperties, {}, --assetsDir, C:/Users/Fidget/.gradle/caches/minecraft/assets, --assetIndex, 1.8, --userType, mojang, --accessToken, {REDACTED}, --version, 1.8, --uuid, 527ced34e1b3477983ab6e5de9e75e96, --userPropertiesMap, [{"name":"twitch_access_token","value":"twf8cfecej6mx5exi9dz0co1q7a1mx"}], --username, DaJackyl, --tweakClass, net.minecraftforge.fml.common.launcher.FMLTweaker, --tweakClass, net.minecraftforge.gradle.GradleStartCommon$GradleStartTweaker]
[09:47:22] [main/INFO] [LaunchWrapper]: Loading tweak class name net.minecraftforge.fml.common.launcher.FMLTweaker
[09:47:22] [main/INFO] [LaunchWrapper]: Using primary tweak class name net.minecraftforge.fml.common.launcher.FMLTweaker
[09:47:22] [main/INFO] [LaunchWrapper]: Loading tweak class name net.minecraftforge.gradle.GradleStartCommon$GradleStartTweaker
[09:47:22] [main/INFO] [LaunchWrapper]: Calling tweak class net.minecraftforge.fml.common.launcher.FMLTweaker
[09:50:14] [main/INFO] [GradleStart]: username: rob@megathirio.com
[09:50:14] [main/INFO] [GradleStart]: Extra: []
[09:50:14] [main/INFO] [GradleStart]: Password found, attempting login
[09:50:15] [main/INFO] [GradleStart]: Login Succesful!
[09:50:15] [main/INFO] [GradleStart]: Running with arguments: [--userProperties, {}, --assetsDir, C:/Users/Fidget/.gradle/caches/minecraft/assets, --assetIndex, 1.8, --userType, mojang, --accessToken, {REDACTED}, --version, 1.8, --uuid, 527ced34e1b3477983ab6e5de9e75e96, --userPropertiesMap, [{"name":"twitch_access_token","value":"twf8cfecej6mx5exi9dz0co1q7a1mx"}], --username, DaJackyl, --tweakClass, net.minecraftforge.fml.common.launcher.FMLTweaker, --tweakClass, net.minecraftforge.gradle.GradleStartCommon$GradleStartTweaker]
[09:50:15] [main/INFO] [LaunchWrapper]: Loading tweak class name net.minecraftforge.fml.common.launcher.FMLTweaker
[09:50:15] [main/INFO] [LaunchWrapper]: Using primary tweak class name net.minecraftforge.fml.common.launcher.FMLTweaker
[09:50:15] [main/INFO] [LaunchWrapper]: Loading tweak class name net.minecraftforge.gradle.GradleStartCommon$GradleStartTweaker
[09:50:15] [main/INFO] [LaunchWrapper]: Calling tweak class net.minecraftforge.fml.common.launcher.FMLTweaker
[10:44:17] [main/INFO] [GradleStart]: username: rob@megathirio.com
[10:44:17] [main/INFO] [GradleStart]: Extra: []
[10:44:17] [main/INFO] [GradleStart]: Password found, attempting login
[10:44:18] [main/INFO] [GradleStart]: Login Succesful!
[10:44:18] [main/INFO] [GradleStart]: Running with arguments: [--userProperties, {}, --assetsDir, C:/Users/Fidget/.gradle/caches/minecraft/assets, --assetIndex, 1.8, --userType, mojang, --accessToken, {REDACTED}, --version, 1.8, --uuid, 527ced34e1b3477983ab6e5de9e75e96, --userPropertiesMap, [{"name":"twitch_access_token","value":"twf8cfecej6mx5exi9dz0co1q7a1mx"}], --username, DaJackyl, --tweakClass, net.minecraftforge.fml.common.launcher.FMLTweaker, --tweakClass, net.minecraftforge.gradle.GradleStartCommon$GradleStartTweaker]
[10:44:18] [main/INFO] [LaunchWrapper]: Loading tweak class name net.minecraftforge.fml.common.launcher.FMLTweaker
[10:44:18] [main/INFO] [LaunchWrapper]: Using primary tweak class name net.minecraftforge.fml.common.launcher.FMLTweaker
[10:44:18] [main/INFO] [LaunchWrapper]: Loading tweak class name net.minecraftforge.gradle.GradleStartCommon$GradleStartTweaker
[10:44:18] [main/INFO] [LaunchWrapper]: Calling tweak class net.minecraftforge.fml.common.launcher.FMLTweaker
[13:15:44] [main/INFO] [GradleStart]: username: rob@megathirio.com
[13:15:44] [main/INFO] [GradleStart]: Extra: []
[13:15:44] [main/INFO] [GradleStart]: Password found, attempting login
[13:15:45] [main/INFO] [GradleStart]: Login Succesful!
[13:15:46] [main/INFO] [GradleStart]: Running with arguments: [--userProperties, {}, --assetsDir, C:/Users/Fidget/.gradle/caches/minecraft/assets, --assetIndex, 1.8, --userType, mojang, --accessToken, {REDACTED}, --version, 1.8, --uuid, 527ced34e1b3477983ab6e5de9e75e96, --userPropertiesMap, [{"name":"twitch_access_token","value":"twf8cfecej6mx5exi9dz0co1q7a1mx"}], --username, DaJackyl, --tweakClass, net.minecraftforge.fml.common.launcher.FMLTweaker, --tweakClass, net.minecraftforge.gradle.GradleStartCommon$GradleStartTweaker]
[13:15:46] [main/INFO] [LaunchWrapper]: Loading tweak class name net.minecraftforge.fml.common.launcher.FMLTweaker
[13:15:46] [main/INFO] [LaunchWrapper]: Using primary tweak class name net.minecraftforge.fml.common.launcher.FMLTweaker
[13:15:46] [main/INFO] [LaunchWrapper]: Loading tweak class name net.minecraftforge.gradle.GradleStartCommon$GradleStartTweaker
[13:15:46] [main/INFO] [LaunchWrapper]: Calling tweak class net.minecraftforge.fml.common.launcher.FMLTweaker
[13:19:46] [main/INFO] [GradleStart]: username: rob@megathirio.com
[13:19:46] [main/INFO] [GradleStart]: Extra: []
[13:19:46] [main/INFO] [GradleStart]: Password found, attempting login
[13:19:46] [main/INFO] [GradleStart]: Login Succesful!
[13:19:46] [main/INFO] [GradleStart]: Running with arguments: [--userProperties, {}, --assetsDir, C:/Users/Fidget/.gradle/caches/minecraft/assets, --assetIndex, 1.8, --userType, mojang, --accessToken, {REDACTED}, --version, 1.8, --uuid, 527ced34e1b3477983ab6e5de9e75e96, --userPropertiesMap, [{"name":"twitch_access_token","value":"twf8cfecej6mx5exi9dz0co1q7a1mx"}], --username, DaJackyl, --tweakClass, net.minecraftforge.fml.common.launcher.FMLTweaker, --tweakClass, net.minecraftforge.gradle.GradleStartCommon$GradleStartTweaker]
[13:19:47] [main/INFO] [LaunchWrapper]: Loading tweak class name net.minecraftforge.fml.common.launcher.FMLTweaker
[13:19:47] [main/INFO] [LaunchWrapper]: Using primary tweak class name net.minecraftforge.fml.common.launcher.FMLTweaker
[13:19:47] [main/INFO] [LaunchWrapper]: Loading tweak class name net.minecraftforge.gradle.GradleStartCommon$GradleStartTweaker
[13:19:47] [main/INFO] [LaunchWrapper]: Calling tweak class net.minecraftforge.fml.common.launcher.FMLTweaker
[13:21:17] [main/INFO] [GradleStart]: username: rob@megathirio.com
[13:21:17] [main/INFO] [GradleStart]: Extra: []
[13:21:17] [main/INFO] [GradleStart]: Password found, attempting login
[13:21:17] [main/INFO] [GradleStart]: Login Succesful!
[13:21:18] [main/INFO] [GradleStart]: Running with arguments: [--userProperties, {}, --assetsDir, C:/Users/Fidget/.gradle/caches/minecraft/assets, --assetIndex, 1.8, --userType, mojang, --accessToken, {REDACTED}, --version, 1.8, --uuid, 527ced34e1b3477983ab6e5de9e75e96, --userPropertiesMap, [{"name":"twitch_access_token","value":"twf8cfecej6mx5exi9dz0co1q7a1mx"}], --username, DaJackyl, --tweakClass, net.minecraftforge.fml.common.launcher.FMLTweaker, --tweakClass, net.minecraftforge.gradle.GradleStartCommon$GradleStartTweaker]
[13:21:18] [main/INFO] [LaunchWrapper]: Loading tweak class name net.minecraftforge.fml.common.launcher.FMLTweaker
[13:21:18] [main/INFO] [LaunchWrapper]: Using primary tweak class name net.minecraftforge.fml.common.launcher.FMLTweaker
[13:21:18] [main/INFO] [LaunchWrapper]: Loading tweak class name net.minecraftforge.gradle.GradleStartCommon$GradleStartTweaker
[13:21:18] [main/INFO] [LaunchWrapper]: Calling tweak class net.minecraftforge.fml.common.launcher.FMLTweaker
